11 Jan 2023 12:09:05,359 TestNG-tests-1 - "spark/partials/standard-content.ftl"("en_US", UTF-8, parsed) cached copy not yet stale; using cached.
11 Jan 2023 12:09:05,373 TestNG-tests-1 - "spark/partials/standard-content.ftl"("en_US", UTF-8, parsed) cached copy not yet stale; using cached.
11 Jan 2023 12:09:05,380 TestNG-tests-1 - "spark/partials/standard-content.ftl"("en_US", UTF-8, parsed) cached copy not yet stale; using cached.
11 Jan 2023 12:09:05,385 TestNG-tests-1 - "spark/partials/standard-content.ftl"("en_US", UTF-8, parsed) cached copy not yet stale; using cached.
11 Jan 2023 12:09:05,392 TestNG-tests-1 - "spark/partials/standard-content.ftl"("en_US", UTF-8, parsed) cached copy not yet stale; using cached.
11 Jan 2023 12:09:05,395 TestNG-tests-1 - "spark/partials/standard-content.ftl"("en_US", UTF-8, parsed) cached copy not yet stale; using cached.
11 Jan 2023 12:09:05,396 TestNG-tests-1 - Couldn't find template in cache for "spark/partials/exception.ftl"("en_US", UTF-8, parsed); will try to load it.
11 Jan 2023 12:09:05,397 TestNG-tests-1 - TemplateLoader.findTemplateSource("spark/partials/exception_en_US.ftl"): Not found
11 Jan 2023 12:09:05,397 TestNG-tests-1 - TemplateLoader.findTemplateSource("spark/partials/exception_en.ftl"): Not found
11 Jan 2023 12:09:05,398 TestNG-tests-1 - TemplateLoader.findTemplateSource("spark/partials/exception.ftl"): Found
11 Jan 2023 12:09:05,398 TestNG-tests-1 - Loading template for "spark/partials/exception.ftl"("en_US", UTF-8, parsed) from "jar:file:/C:/Users/Ashok/.m2/repository/com/aventstack/extentreports/5.0.8/extentreports-5.0.8.jar!/com/aventstack/extentreports/templates/spark/partials/exception.ftl"
11 Jan 2023 12:09:05,401 TestNG-tests-1 - Couldn't find template in cache for "spark/partials/category.ftl"("en_US", UTF-8, parsed); will try to load it.
11 Jan 2023 12:09:05,402 TestNG-tests-1 - TemplateLoader.findTemplateSource("spark/partials/category_en_US.ftl"): Not found
11 Jan 2023 12:09:05,403 TestNG-tests-1 - TemplateLoader.findTemplateSource("spark/partials/category_en.ftl"): Not found
11 Jan 2023 12:09:05,403 TestNG-tests-1 - TemplateLoader.findTemplateSource("spark/partials/category.ftl"): Found
11 Jan 2023 12:09:05,404 TestNG-tests-1 - Loading template for "spark/partials/category.ftl"("en_US", UTF-8, parsed) from "jar:file:/C:/Users/Ashok/.m2/repository/com/aventstack/extentreports/5.0.8/extentreports-5.0.8.jar!/com/aventstack/extentreports/templates/spark/partials/category.ftl"
11 Jan 2023 12:09:05,427 TestNG-tests-1 - Couldn't find template in cache for "spark/partials/device.ftl"("en_US", UTF-8, parsed); will try to load it.
11 Jan 2023 12:09:05,427 TestNG-tests-1 - TemplateLoader.findTemplateSource("spark/partials/device_en_US.ftl"): Not found
11 Jan 2023 12:09:05,428 TestNG-tests-1 - TemplateLoader.findTemplateSource("spark/partials/device_en.ftl"): Not found
11 Jan 2023 12:09:05,429 TestNG-tests-1 - TemplateLoader.findTemplateSource("spark/partials/device.ftl"): Found
11 Jan 2023 12:09:05,429 TestNG-tests-1 - Loading template for "spark/partials/device.ftl"("en_US", UTF-8, parsed) from "jar:file:/C:/Users/Ashok/.m2/repository/com/aventstack/extentreports/5.0.8/extentreports-5.0.8.jar!/com/aventstack/extentreports/templates/spark/partials/device.ftl"
11 Jan 2023 12:09:05,432 TestNG-tests-1 - Couldn't find template in cache for "spark/partials/author.ftl"("en_US", UTF-8, parsed); will try to load it.
11 Jan 2023 12:09:05,433 TestNG-tests-1 - TemplateLoader.findTemplateSource("spark/partials/author_en_US.ftl"): Not found
11 Jan 2023 12:09:05,434 TestNG-tests-1 - TemplateLoader.findTemplateSource("spark/partials/author_en.ftl"): Not found
11 Jan 2023 12:09:05,434 TestNG-tests-1 - TemplateLoader.findTemplateSource("spark/partials/author.ftl"): Found
11 Jan 2023 12:09:05,435 TestNG-tests-1 - Loading template for "spark/partials/author.ftl"("en_US", UTF-8, parsed) from "jar:file:/C:/Users/Ashok/.m2/repository/com/aventstack/extentreports/5.0.8/extentreports-5.0.8.jar!/com/aventstack/extentreports/templates/spark/partials/author.ftl"
11 Jan 2023 12:09:05,438 TestNG-tests-1 - Couldn't find template in cache for "spark/partials/log.ftl"("en_US", UTF-8, parsed); will try to load it.
11 Jan 2023 12:09:05,439 TestNG-tests-1 - TemplateLoader.findTemplateSource("spark/partials/log_en_US.ftl"): Not found
11 Jan 2023 12:09:05,439 TestNG-tests-1 - TemplateLoader.findTemplateSource("spark/partials/log_en.ftl"): Not found
11 Jan 2023 12:09:05,440 TestNG-tests-1 - TemplateLoader.findTemplateSource("spark/partials/log.ftl"): Found
11 Jan 2023 12:09:05,441 TestNG-tests-1 - Loading template for "spark/partials/log.ftl"("en_US", UTF-8, parsed) from "jar:file:/C:/Users/Ashok/.m2/repository/com/aventstack/extentreports/5.0.8/extentreports-5.0.8.jar!/com/aventstack/extentreports/templates/spark/partials/log.ftl"
11 Jan 2023 12:09:05,445 TestNG-tests-1 - Couldn't find template in cache for "spark/partials/dashboard.ftl"("en_US", UTF-8, parsed); will try to load it.
11 Jan 2023 12:09:05,446 TestNG-tests-1 - TemplateLoader.findTemplateSource("spark/partials/dashboard_en_US.ftl"): Not found
11 Jan 2023 12:09:05,447 TestNG-tests-1 - TemplateLoader.findTemplateSource("spark/partials/dashboard_en.ftl"): Not found
11 Jan 2023 12:09:05,447 TestNG-tests-1 - TemplateLoader.findTemplateSource("spark/partials/dashboard.ftl"): Found
11 Jan 2023 12:09:05,447 TestNG-tests-1 - Loading template for "spark/partials/dashboard.ftl"("en_US", UTF-8, parsed) from "jar:file:/C:/Users/Ashok/.m2/repository/com/aventstack/extentreports/5.0.8/extentreports-5.0.8.jar!/com/aventstack/extentreports/templates/spark/partials/dashboard.ftl"
11 Jan 2023 12:09:05,598 TestNG-tests-1 - Couldn't find template in cache for "spark/partials/scripts.ftl"("en_US", UTF-8, parsed); will try to load it.
11 Jan 2023 12:09:05,605 TestNG-tests-1 - TemplateLoader.findTemplateSource("spark/partials/scripts_en_US.ftl"): Not found
11 Jan 2023 12:09:05,606 TestNG-tests-1 - TemplateLoader.findTemplateSource("spark/partials/scripts_en.ftl"): Not found
11 Jan 2023 12:09:05,606 TestNG-tests-1 - TemplateLoader.findTemplateSource("spark/partials/scripts.ftl"): Found
11 Jan 2023 12:09:05,606 TestNG-tests-1 - Loading template for "spark/partials/scripts.ftl"("en_US", UTF-8, parsed) from "jar:file:/C:/Users/Ashok/.m2/repository/com/aventstack/extentreports/5.0.8/extentreports-5.0.8.jar!/com/aventstack/extentreports/templates/spark/partials/scripts.ftl"
11 Jan 2023 12:09:05,609 TestNG-tests-1 - Couldn't find template in cache for "commons/commons-inject-js.ftl"("en_US", UTF-8, parsed); will try to load it.
11 Jan 2023 12:09:05,610 TestNG-tests-1 - TemplateLoader.findTemplateSource("commons/commons-inject-js_en_US.ftl"): Not found
11 Jan 2023 12:09:05,610 TestNG-tests-1 - TemplateLoader.findTemplateSource("commons/commons-inject-js_en.ftl"): Not found
11 Jan 2023 12:09:05,611 TestNG-tests-1 - TemplateLoader.findTemplateSource("commons/commons-inject-js.ftl"): Found
11 Jan 2023 12:09:05,612 TestNG-tests-1 - Loading template for "commons/commons-inject-js.ftl"("en_US", UTF-8, parsed) from "jar:file:/C:/Users/Ashok/.m2/repository/com/aventstack/extentreports/5.0.8/extentreports-5.0.8.jar!/com/aventstack/extentreports/templates/commons/commons-inject-js.ftl"
11 Jan 2023 12:09:15,643 TestNG-tests-2 - TemplateLoader.findTemplateSource("spark/spark.spa_en_US.ftl"): Not found
11 Jan 2023 12:09:15,644 TestNG-tests-2 - TemplateLoader.findTemplateSource("spark/spark.spa_en.ftl"): Not found
11 Jan 2023 12:09:15,645 TestNG-tests-2 - TemplateLoader.findTemplateSource("spark/spark.spa.ftl"): Found
11 Jan 2023 12:09:15,646 TestNG-tests-2 - "spark/spark.spa.ftl"("en_US", UTF-8, parsed): using cached since jar:file:/C:/Users/Ashok/.m2/repository/com/aventstack/extentreports/5.0.8/extentreports-5.0.8.jar!/com/aventstack/extentreports/templates/spark/spark.spa.ftl hasn't changed.
11 Jan 2023 12:09:15,649 TestNG-tests-2 - TemplateLoader.findTemplateSource("commons/commons-variables_en_US.ftl"): Not found
11 Jan 2023 12:09:15,649 TestNG-tests-2 - TemplateLoader.findTemplateSource("commons/commons-variables_en.ftl"): Not found
11 Jan 2023 12:09:15,650 TestNG-tests-2 - TemplateLoader.findTemplateSource("commons/commons-variables.ftl"): Found
11 Jan 2023 12:09:15,650 TestNG-tests-2 - "commons/commons-variables.ftl"("en_US", UTF-8, parsed): using cached since jar:file:/C:/Users/Ashok/.m2/repository/com/aventstack/extentreports/5.0.8/extentreports-5.0.8.jar!/com/aventstack/extentreports/templates/commons/commons-variables.ftl hasn't changed.
11 Jan 2023 12:09:15,659 TestNG-tests-2 - TemplateLoader.findTemplateSource("commons/commons-macros_en_US.ftl"): Not found
11 Jan 2023 12:09:15,661 TestNG-tests-2 - TemplateLoader.findTemplateSource("commons/commons-macros_en.ftl"): Not found
11 Jan 2023 12:09:15,662 TestNG-tests-2 - TemplateLoader.findTemplateSource("commons/commons-macros.ftl"): Found
11 Jan 2023 12:09:15,662 TestNG-tests-2 - "commons/commons-macros.ftl"("en_US", UTF-8, parsed): using cached since jar:file:/C:/Users/Ashok/.m2/repository/com/aventstack/extentreports/5.0.8/extentreports-5.0.8.jar!/com/aventstack/extentreports/templates/commons/commons-macros.ftl hasn't changed.
11 Jan 2023 12:09:15,664 TestNG-tests-2 - TemplateLoader.findTemplateSource("spark/macros/attributes_en_US.ftl"): Not found
11 Jan 2023 12:09:15,665 TestNG-tests-2 - TemplateLoader.findTemplateSource("spark/macros/attributes_en.ftl"): Not found
11 Jan 2023 12:09:15,665 TestNG-tests-2 - TemplateLoader.findTemplateSource("spark/macros/attributes.ftl"): Found
11 Jan 2023 12:09:15,665 TestNG-tests-2 - "spark/macros/attributes.ftl"("en_US", UTF-8, parsed): using cached since jar:file:/C:/Users/Ashok/.m2/repository/com/aventstack/extentreports/5.0.8/extentreports-5.0.8.jar!/com/aventstack/extentreports/templates/spark/macros/attributes.ftl hasn't changed.
11 Jan 2023 12:09:15,667 TestNG-tests-2 - TemplateLoader.findTemplateSource("spark/macros/log_en_US.ftl"): Not found
11 Jan 2023 12:09:15,667 TestNG-tests-2 - TemplateLoader.findTemplateSource("spark/macros/log_en.ftl"): Not found
11 Jan 2023 12:09:15,667 TestNG-tests-2 - TemplateLoader.findTemplateSource("spark/macros/log.ftl"): Found
11 Jan 2023 12:09:15,668 TestNG-tests-2 - "spark/macros/log.ftl"("en_US", UTF-8, parsed): using cached since jar:file:/C:/Users/Ashok/.m2/repository/com/aventstack/extentreports/5.0.8/extentreports-5.0.8.jar!/com/aventstack/extentreports/templates/spark/macros/log.ftl hasn't changed.
11 Jan 2023 12:09:15,673 TestNG-tests-2 - TemplateLoader.findTemplateSource("spark/macros/recurse_nodes_en_US.ftl"): Not found
11 Jan 2023 12:09:15,674 TestNG-tests-2 - TemplateLoader.findTemplateSource("spark/macros/recurse_nodes_en.ftl"): Not found
11 Jan 2023 12:09:15,674 TestNG-tests-2 - TemplateLoader.findTemplateSource("spark/macros/recurse_nodes.ftl"): Found
11 Jan 2023 12:09:15,674 TestNG-tests-2 - "spark/macros/recurse_nodes.ftl"("en_US", UTF-8, parsed): using cached since jar:file:/C:/Users/Ashok/.m2/repository/com/aventstack/extentreports/5.0.8/extentreports-5.0.8.jar!/com/aventstack/extentreports/templates/spark/macros/recurse_nodes.ftl hasn't changed.
11 Jan 2023 12:09:15,678 TestNG-tests-2 - "spark/macros/log.ftl"("en_US", UTF-8, parsed) cached copy not yet stale; using cached.
11 Jan 2023 12:09:15,679 TestNG-tests-2 - TemplateLoader.findTemplateSource("spark/macros/attr-common_en_US.ftl"): Not found
11 Jan 2023 12:09:15,679 TestNG-tests-2 - TemplateLoader.findTemplateSource("spark/macros/attr-common_en.ftl"): Not found
11 Jan 2023 12:09:15,680 TestNG-tests-2 - TemplateLoader.findTemplateSource("spark/macros/attr-common.ftl"): Found
11 Jan 2023 12:09:15,680 TestNG-tests-2 - "spark/macros/attr-common.ftl"("en_US", UTF-8, parsed): using cached since jar:file:/C:/Users/Ashok/.m2/repository/com/aventstack/extentreports/5.0.8/extentreports-5.0.8.jar!/com/aventstack/extentreports/templates/spark/macros/attr-common.ftl hasn't changed.
11 Jan 2023 12:09:15,681 TestNG-tests-2 - TemplateLoader.findTemplateSource("spark/partials/head_en_US.ftl"): Not found
11 Jan 2023 12:09:15,682 TestNG-tests-2 - TemplateLoader.findTemplateSource("spark/partials/head_en.ftl"): Not found
11 Jan 2023 12:09:15,683 TestNG-tests-2 - TemplateLoader.findTemplateSource("spark/partials/head.ftl"): Found
11 Jan 2023 12:09:15,683 TestNG-tests-2 - "spark/partials/head.ftl"("en_US", UTF-8, parsed): using cached since jar:file:/C:/Users/Ashok/.m2/repository/com/aventstack/extentreports/5.0.8/extentreports-5.0.8.jar!/com/aventstack/extentreports/templates/spark/partials/head.ftl hasn't changed.
11 Jan 2023 12:09:15,686 TestNG-tests-2 - TemplateLoader.findTemplateSource("commons/commons-inject-css_en_US.ftl"): Not found
11 Jan 2023 12:09:15,686 TestNG-tests-2 - TemplateLoader.findTemplateSource("commons/commons-inject-css_en.ftl"): Not found
11 Jan 2023 12:09:15,687 TestNG-tests-2 - TemplateLoader.findTemplateSource("commons/commons-inject-css.ftl"): Found
11 Jan 2023 12:09:15,687 TestNG-tests-2 - "commons/commons-inject-css.ftl"("en_US", UTF-8, parsed): using cached since jar:file:/C:/Users/Ashok/.m2/repository/com/aventstack/extentreports/5.0.8/extentreports-5.0.8.jar!/com/aventstack/extentreports/templates/commons/commons-inject-css.ftl hasn't changed.
11 Jan 2023 12:09:15,689 TestNG-tests-2 - TemplateLoader.findTemplateSource("spark/partials/navbar_en_US.ftl"): Not found
11 Jan 2023 12:09:15,689 TestNG-tests-2 - TemplateLoader.findTemplateSource("spark/partials/navbar_en.ftl"): Not found
11 Jan 2023 12:09:15,690 TestNG-tests-2 - TemplateLoader.findTemplateSource("spark/partials/navbar.ftl"): Found
11 Jan 2023 12:09:15,691 TestNG-tests-2 - "spark/partials/navbar.ftl"("en_US", UTF-8, parsed): using cached since jar:file:/C:/Users/Ashok/.m2/repository/com/aventstack/extentreports/5.0.8/extentreports-5.0.8.jar!/com/aventstack/extentreports/templates/spark/partials/navbar.ftl hasn't changed.
11 Jan 2023 12:09:15,692 TestNG-tests-2 - TemplateLoader.findTemplateSource("spark/partials/sidenav_en_US.ftl"): Not found
11 Jan 2023 12:09:15,693 TestNG-tests-2 - TemplateLoader.findTemplateSource("spark/partials/sidenav_en.ftl"): Not found
11 Jan 2023 12:09:15,693 TestNG-tests-2 - TemplateLoader.findTemplateSource("spark/partials/sidenav.ftl"): Found
11 Jan 2023 12:09:15,694 TestNG-tests-2 - "spark/partials/sidenav.ftl"("en_US", UTF-8, parsed): using cached since jar:file:/C:/Users/Ashok/.m2/repository/com/aventstack/extentreports/5.0.8/extentreports-5.0.8.jar!/com/aventstack/extentreports/templates/spark/partials/sidenav.ftl hasn't changed.
11 Jan 2023 12:09:15,698 TestNG-tests-2 - TemplateLoader.findTemplateSource("spark/partials/test_en_US.ftl"): Not found
11 Jan 2023 12:09:15,699 TestNG-tests-2 - TemplateLoader.findTemplateSource("spark/partials/test_en.ftl"): Not found
11 Jan 2023 12:09:15,699 TestNG-tests-2 - TemplateLoader.findTemplateSource("spark/partials/test.ftl"): Found
11 Jan 2023 12:09:15,700 TestNG-tests-2 - "spark/partials/test.ftl"("en_US", UTF-8, parsed): using cached since jar:file:/C:/Users/Ashok/.m2/repository/com/aventstack/extentreports/5.0.8/extentreports-5.0.8.jar!/com/aventstack/extentreports/templates/spark/partials/test.ftl hasn't changed.
11 Jan 2023 12:09:15,703 TestNG-tests-2 - TemplateLoader.findTemplateSource("spark/partials/standard-content_en_US.ftl"): Not found
11 Jan 2023 12:09:15,703 TestNG-tests-2 - TemplateLoader.findTemplateSource("spark/partials/standard-content_en.ftl"): Not found
11 Jan 2023 12:09:15,703 TestNG-tests-2 - TemplateLoader.findTemplateSource("spark/partials/standard-content.ftl"): Found
11 Jan 2023 12:09:15,704 TestNG-tests-2 - "spark/partials/standard-content.ftl"("en_US", UTF-8, parsed): using cached since jar:file:/C:/Users/Ashok/.m2/repository/com/aventstack/extentreports/5.0.8/extentreports-5.0.8.jar!/com/aventstack/extentreports/templates/spark/partials/standard-content.ftl hasn't changed.
11 Jan 2023 12:09:15,707 TestNG-tests-2 - "spark/partials/standard-content.ftl"("en_US", UTF-8, parsed) cached copy not yet stale; using cached.
11 Jan 2023 12:09:15,708 TestNG-tests-2 - "spark/partials/standard-content.ftl"("en_US", UTF-8, parsed) cached copy not yet stale; using cached.
11 Jan 2023 12:09:15,715 TestNG-tests-2 - "spark/partials/standard-content.ftl"("en_US", UTF-8, parsed) cached copy not yet stale; using cached.
11 Jan 2023 12:09:15,719 TestNG-tests-2 - "spark/partials/standard-content.ftl"("en_US", UTF-8, parsed) cached copy not yet stale; using cached.
11 Jan 2023 12:09:15,723 TestNG-tests-2 - "spark/partials/standard-content.ftl"("en_US", UTF-8, parsed) cached copy not yet stale; using cached.
11 Jan 2023 12:09:15,725 TestNG-tests-2 - "spark/partials/standard-content.ftl"("en_US", UTF-8, parsed) cached copy not yet stale; using cached.
11 Jan 2023 12:09:15,727 TestNG-tests-2 - "spark/partials/standard-content.ftl"("en_US", UTF-8, parsed) cached copy not yet stale; using cached.
11 Jan 2023 12:09:15,730 TestNG-tests-2 - "spark/partials/standard-content.ftl"("en_US", UTF-8, parsed) cached copy not yet stale; using cached.
11 Jan 2023 12:09:15,731 TestNG-tests-2 - "spark/partials/standard-content.ftl"("en_US", UTF-8, parsed) cached copy not yet stale; using cached.
11 Jan 2023 12:09:15,732 TestNG-tests-2 - "spark/partials/standard-content.ftl"("en_US", UTF-8, parsed) cached copy not yet stale; using cached.
11 Jan 2023 12:09:15,734 TestNG-tests-2 - "spark/partials/standard-content.ftl"("en_US", UTF-8, parsed) cached copy not yet stale; using cached.
11 Jan 2023 12:09:15,735 TestNG-tests-2 - "spark/partials/standard-content.ftl"("en_US", UTF-8, parsed) cached copy not yet stale; using cached.
11 Jan 2023 12:09:15,737 TestNG-tests-2 - "spark/partials/standard-content.ftl"("en_US", UTF-8, parsed) cached copy not yet stale; using cached.
11 Jan 2023 12:09:15,738 TestNG-tests-2 - TemplateLoader.findTemplateSource("spark/partials/exception_en_US.ftl"): Not found
11 Jan 2023 12:09:15,738 TestNG-tests-2 - TemplateLoader.findTemplateSource("spark/partials/exception_en.ftl"): Not found
11 Jan 2023 12:09:15,739 TestNG-tests-2 - TemplateLoader.findTemplateSource("spark/partials/exception.ftl"): Found
11 Jan 2023 12:09:15,739 TestNG-tests-2 - "spark/partials/exception.ftl"("en_US", UTF-8, parsed): using cached since jar:file:/C:/Users/Ashok/.m2/repository/com/aventstack/extentreports/5.0.8/extentreports-5.0.8.jar!/com/aventstack/extentreports/templates/spark/partials/exception.ftl hasn't changed.
11 Jan 2023 12:09:15,740 TestNG-tests-2 - TemplateLoader.findTemplateSource("spark/partials/category_en_US.ftl"): Not found
11 Jan 2023 12:09:15,741 TestNG-tests-2 - TemplateLoader.findTemplateSource("spark/partials/category_en.ftl"): Not found
11 Jan 2023 12:09:15,741 TestNG-tests-2 - TemplateLoader.findTemplateSource("spark/partials/category.ftl"): Found
11 Jan 2023 12:09:15,741 TestNG-tests-2 - "spark/partials/category.ftl"("en_US", UTF-8, parsed): using cached since jar:file:/C:/Users/Ashok/.m2/repository/com/aventstack/extentreports/5.0.8/extentreports-5.0.8.jar!/com/aventstack/extentreports/templates/spark/partials/category.ftl hasn't changed.
11 Jan 2023 12:09:15,751 TestNG-tests-2 - TemplateLoader.findTemplateSource("spark/partials/device_en_US.ftl"): Not found
11 Jan 2023 12:09:15,752 TestNG-tests-2 - TemplateLoader.findTemplateSource("spark/partials/device_en.ftl"): Not found
11 Jan 2023 12:09:15,753 TestNG-tests-2 - TemplateLoader.findTemplateSource("spark/partials/device.ftl"): Found
11 Jan 2023 12:09:15,755 TestNG-tests-2 - "spark/partials/device.ftl"("en_US", UTF-8, parsed): using cached since jar:file:/C:/Users/Ashok/.m2/repository/com/aventstack/extentreports/5.0.8/extentreports-5.0.8.jar!/com/aventstack/extentreports/templates/spark/partials/device.ftl hasn't changed.
11 Jan 2023 12:09:15,757 TestNG-tests-2 - TemplateLoader.findTemplateSource("spark/partials/author_en_US.ftl"): Not found
11 Jan 2023 12:09:15,757 TestNG-tests-2 - TemplateLoader.findTemplateSource("spark/partials/author_en.ftl"): Not found
11 Jan 2023 12:09:15,758 TestNG-tests-2 - TemplateLoader.findTemplateSource("spark/partials/author.ftl"): Found
11 Jan 2023 12:09:15,758 TestNG-tests-2 - "spark/partials/author.ftl"("en_US", UTF-8, parsed): using cached since jar:file:/C:/Users/Ashok/.m2/repository/com/aventstack/extentreports/5.0.8/extentreports-5.0.8.jar!/com/aventstack/extentreports/templates/spark/partials/author.ftl hasn't changed.
11 Jan 2023 12:09:15,760 TestNG-tests-2 - TemplateLoader.findTemplateSource("spark/partials/log_en_US.ftl"): Not found
11 Jan 2023 12:09:15,761 TestNG-tests-2 - TemplateLoader.findTemplateSource("spark/partials/log_en.ftl"): Not found
11 Jan 2023 12:09:15,762 TestNG-tests-2 - TemplateLoader.findTemplateSource("spark/partials/log.ftl"): Found
11 Jan 2023 12:09:15,763 TestNG-tests-2 - "spark/partials/log.ftl"("en_US", UTF-8, parsed): using cached since jar:file:/C:/Users/Ashok/.m2/repository/com/aventstack/extentreports/5.0.8/extentreports-5.0.8.jar!/com/aventstack/extentreports/templates/spark/partials/log.ftl hasn't changed.
11 Jan 2023 12:09:15,765 TestNG-tests-2 - TemplateLoader.findTemplateSource("spark/partials/dashboard_en_US.ftl"): Not found
11 Jan 2023 12:09:15,765 TestNG-tests-2 - TemplateLoader.findTemplateSource("spark/partials/dashboard_en.ftl"): Not found
11 Jan 2023 12:09:15,766 TestNG-tests-2 - TemplateLoader.findTemplateSource("spark/partials/dashboard.ftl"): Found
11 Jan 2023 12:09:15,766 TestNG-tests-2 - "spark/partials/dashboard.ftl"("en_US", UTF-8, parsed): using cached since jar:file:/C:/Users/Ashok/.m2/repository/com/aventstack/extentreports/5.0.8/extentreports-5.0.8.jar!/com/aventstack/extentreports/templates/spark/partials/dashboard.ftl hasn't changed.
11 Jan 2023 12:09:15,783 TestNG-tests-2 - TemplateLoader.findTemplateSource("spark/partials/scripts_en_US.ftl"): Not found
11 Jan 2023 12:09:15,784 TestNG-tests-2 - TemplateLoader.findTemplateSource("spark/partials/scripts_en.ftl"): Not found
11 Jan 2023 12:09:15,784 TestNG-tests-2 - TemplateLoader.findTemplateSource("spark/partials/scripts.ftl"): Found
11 Jan 2023 12:09:15,784 TestNG-tests-2 - "spark/partials/scripts.ftl"("en_US", UTF-8, parsed): using cached since jar:file:/C:/Users/Ashok/.m2/repository/com/aventstack/extentreports/5.0.8/extentreports-5.0.8.jar!/com/aventstack/extentreports/templates/spark/partials/scripts.ftl hasn't changed.
11 Jan 2023 12:09:15,785 TestNG-tests-2 - TemplateLoader.findTemplateSource("commons/commons-inject-js_en_US.ftl"): Not found
11 Jan 2023 12:09:15,788 TestNG-tests-2 - TemplateLoader.findTemplateSource("commons/commons-inject-js_en.ftl"): Not found
11 Jan 2023 12:09:15,789 TestNG-tests-2 - TemplateLoader.findTemplateSource("commons/commons-inject-js.ftl"): Found
11 Jan 2023 12:09:15,789 TestNG-tests-2 - "commons/commons-inject-js.ftl"("en_US", UTF-8, parsed): using cached since jar:file:/C:/Users/Ashok/.m2/repository/com/aventstack/extentreports/5.0.8/extentreports-5.0.8.jar!/com/aventstack/extentreports/templates/commons/commons-inject-js.ftl hasn't changed.
11 Jan 2023 12:21:51,061 TestNG-tests-1 - Running tests on the environment null
11 Jan 2023 12:21:51,062 TestNG-tests-1 - No environment given, hence running on QA
11 Jan 2023 12:21:51,062 TestNG-tests-2 - Running tests on the environment null
11 Jan 2023 12:21:51,062 TestNG-tests-2 - No environment given, hence running on QA
11 Jan 2023 12:21:51,063 TestNG-tests-1 - Browser name is chrome
11 Jan 2023 12:21:51,063 TestNG-tests-2 - Browser name is chrome
11 Jan 2023 12:22:22,422 TestNG-tests-1 - Couldn't find template in cache for "spark/spark.spa.ftl"("en_US", UTF-8, parsed); will try to load it.
11 Jan 2023 12:22:22,424 TestNG-tests-1 - TemplateLoader.findTemplateSource("spark/spark.spa_en_US.ftl"): Not found
11 Jan 2023 12:22:22,428 TestNG-tests-1 - TemplateLoader.findTemplateSource("spark/spark.spa_en.ftl"): Not found
11 Jan 2023 12:22:22,431 TestNG-tests-1 - TemplateLoader.findTemplateSource("spark/spark.spa.ftl"): Found
11 Jan 2023 12:22:22,437 TestNG-tests-1 - Loading template for "spark/spark.spa.ftl"("en_US", UTF-8, parsed) from "jar:file:/C:/Users/Ashok/.m2/repository/com/aventstack/extentreports/5.0.8/extentreports-5.0.8.jar!/com/aventstack/extentreports/templates/spark/spark.spa.ftl"
11 Jan 2023 12:22:22,891 TestNG-tests-1 - Couldn't find template in cache for "commons/commons-variables.ftl"("en_US", UTF-8, parsed); will try to load it.
11 Jan 2023 12:22:22,892 TestNG-tests-1 - TemplateLoader.findTemplateSource("commons/commons-variables_en_US.ftl"): Not found
11 Jan 2023 12:22:22,893 TestNG-tests-1 - TemplateLoader.findTemplateSource("commons/commons-variables_en.ftl"): Not found
11 Jan 2023 12:22:22,893 TestNG-tests-1 - TemplateLoader.findTemplateSource("commons/commons-variables.ftl"): Found
11 Jan 2023 12:22:22,893 TestNG-tests-1 - Loading template for "commons/commons-variables.ftl"("en_US", UTF-8, parsed) from "jar:file:/C:/Users/Ashok/.m2/repository/com/aventstack/extentreports/5.0.8/extentreports-5.0.8.jar!/com/aventstack/extentreports/templates/commons/commons-variables.ftl"
11 Jan 2023 12:22:23,319 TestNG-tests-1 - Couldn't find template in cache for "commons/commons-macros.ftl"("en_US", UTF-8, parsed); will try to load it.
11 Jan 2023 12:22:23,319 TestNG-tests-1 - TemplateLoader.findTemplateSource("commons/commons-macros_en_US.ftl"): Not found
11 Jan 2023 12:22:23,320 TestNG-tests-1 - TemplateLoader.findTemplateSource("commons/commons-macros_en.ftl"): Not found
11 Jan 2023 12:22:23,320 TestNG-tests-1 - TemplateLoader.findTemplateSource("commons/commons-macros.ftl"): Found
11 Jan 2023 12:22:23,320 TestNG-tests-1 - Loading template for "commons/commons-macros.ftl"("en_US", UTF-8, parsed) from "jar:file:/C:/Users/Ashok/.m2/repository/com/aventstack/extentreports/5.0.8/extentreports-5.0.8.jar!/com/aventstack/extentreports/templates/commons/commons-macros.ftl"
11 Jan 2023 12:22:23,332 TestNG-tests-1 - Couldn't find template in cache for "spark/macros/attributes.ftl"("en_US", UTF-8, parsed); will try to load it.
11 Jan 2023 12:22:23,333 TestNG-tests-1 - TemplateLoader.findTemplateSource("spark/macros/attributes_en_US.ftl"): Not found
11 Jan 2023 12:22:23,334 TestNG-tests-1 - TemplateLoader.findTemplateSource("spark/macros/attributes_en.ftl"): Not found
11 Jan 2023 12:22:23,334 TestNG-tests-1 - TemplateLoader.findTemplateSource("spark/macros/attributes.ftl"): Found
11 Jan 2023 12:22:23,335 TestNG-tests-1 - Loading template for "spark/macros/attributes.ftl"("en_US", UTF-8, parsed) from "jar:file:/C:/Users/Ashok/.m2/repository/com/aventstack/extentreports/5.0.8/extentreports-5.0.8.jar!/com/aventstack/extentreports/templates/spark/macros/attributes.ftl"
11 Jan 2023 12:22:23,337 TestNG-tests-1 - Couldn't find template in cache for "spark/macros/log.ftl"("en_US", UTF-8, parsed); will try to load it.
11 Jan 2023 12:22:23,338 TestNG-tests-1 - TemplateLoader.findTemplateSource("spark/macros/log_en_US.ftl"): Not found
11 Jan 2023 12:22:23,338 TestNG-tests-1 - TemplateLoader.findTemplateSource("spark/macros/log_en.ftl"): Not found
11 Jan 2023 12:22:23,339 TestNG-tests-1 - TemplateLoader.findTemplateSource("spark/macros/log.ftl"): Found
11 Jan 2023 12:22:23,339 TestNG-tests-1 - Loading template for "spark/macros/log.ftl"("en_US", UTF-8, parsed) from "jar:file:/C:/Users/Ashok/.m2/repository/com/aventstack/extentreports/5.0.8/extentreports-5.0.8.jar!/com/aventstack/extentreports/templates/spark/macros/log.ftl"
11 Jan 2023 12:22:23,341 TestNG-tests-1 - Couldn't find template in cache for "spark/macros/recurse_nodes.ftl"("en_US", UTF-8, parsed); will try to load it.
11 Jan 2023 12:22:23,342 TestNG-tests-1 - TemplateLoader.findTemplateSource("spark/macros/recurse_nodes_en_US.ftl"): Not found
11 Jan 2023 12:22:23,342 TestNG-tests-1 - TemplateLoader.findTemplateSource("spark/macros/recurse_nodes_en.ftl"): Not found
11 Jan 2023 12:22:23,343 TestNG-tests-1 - TemplateLoader.findTemplateSource("spark/macros/recurse_nodes.ftl"): Found
11 Jan 2023 12:22:23,343 TestNG-tests-1 - Loading template for "spark/macros/recurse_nodes.ftl"("en_US", UTF-8, parsed) from "jar:file:/C:/Users/Ashok/.m2/repository/com/aventstack/extentreports/5.0.8/extentreports-5.0.8.jar!/com/aventstack/extentreports/templates/spark/macros/recurse_nodes.ftl"
11 Jan 2023 12:22:23,347 TestNG-tests-1 - "spark/macros/log.ftl"("en_US", UTF-8, parsed) cached copy not yet stale; using cached.
11 Jan 2023 12:22:23,347 TestNG-tests-1 - Couldn't find template in cache for "spark/macros/attr-common.ftl"("en_US", UTF-8, parsed); will try to load it.
11 Jan 2023 12:22:23,348 TestNG-tests-1 - TemplateLoader.findTemplateSource("spark/macros/attr-common_en_US.ftl"): Not found
11 Jan 2023 12:22:23,348 TestNG-tests-1 - TemplateLoader.findTemplateSource("spark/macros/attr-common_en.ftl"): Not found
11 Jan 2023 12:22:23,349 TestNG-tests-1 - TemplateLoader.findTemplateSource("spark/macros/attr-common.ftl"): Found
11 Jan 2023 12:22:23,349 TestNG-tests-1 - Loading template for "spark/macros/attr-common.ftl"("en_US", UTF-8, parsed) from "jar:file:/C:/Users/Ashok/.m2/repository/com/aventstack/extentreports/5.0.8/extentreports-5.0.8.jar!/com/aventstack/extentreports/templates/spark/macros/attr-common.ftl"
11 Jan 2023 12:22:23,363 TestNG-tests-1 - Couldn't find template in cache for "spark/partials/head.ftl"("en_US", UTF-8, parsed); will try to load it.
11 Jan 2023 12:22:23,363 TestNG-tests-1 - TemplateLoader.findTemplateSource("spark/partials/head_en_US.ftl"): Not found
11 Jan 2023 12:22:23,364 TestNG-tests-1 - TemplateLoader.findTemplateSource("spark/partials/head_en.ftl"): Not found
11 Jan 2023 12:22:23,364 TestNG-tests-1 - TemplateLoader.findTemplateSource("spark/partials/head.ftl"): Found
11 Jan 2023 12:22:23,364 TestNG-tests-1 - Loading template for "spark/partials/head.ftl"("en_US", UTF-8, parsed) from "jar:file:/C:/Users/Ashok/.m2/repository/com/aventstack/extentreports/5.0.8/extentreports-5.0.8.jar!/com/aventstack/extentreports/templates/spark/partials/head.ftl"
11 Jan 2023 12:22:23,369 TestNG-tests-1 - Couldn't find template in cache for "commons/commons-inject-css.ftl"("en_US", UTF-8, parsed); will try to load it.
11 Jan 2023 12:22:23,370 TestNG-tests-1 - TemplateLoader.findTemplateSource("commons/commons-inject-css_en_US.ftl"): Not found
11 Jan 2023 12:22:23,370 TestNG-tests-1 - TemplateLoader.findTemplateSource("commons/commons-inject-css_en.ftl"): Not found
11 Jan 2023 12:22:23,371 TestNG-tests-1 - TemplateLoader.findTemplateSource("commons/commons-inject-css.ftl"): Found
11 Jan 2023 12:22:23,371 TestNG-tests-1 - Loading template for "commons/commons-inject-css.ftl"("en_US", UTF-8, parsed) from "jar:file:/C:/Users/Ashok/.m2/repository/com/aventstack/extentreports/5.0.8/extentreports-5.0.8.jar!/com/aventstack/extentreports/templates/commons/commons-inject-css.ftl"
11 Jan 2023 12:22:23,373 TestNG-tests-1 - Couldn't find template in cache for "spark/partials/navbar.ftl"("en_US", UTF-8, parsed); will try to load it.
11 Jan 2023 12:22:23,376 TestNG-tests-1 - TemplateLoader.findTemplateSource("spark/partials/navbar_en_US.ftl"): Not found
11 Jan 2023 12:22:23,377 TestNG-tests-1 - TemplateLoader.findTemplateSource("spark/partials/navbar_en.ftl"): Not found
11 Jan 2023 12:22:23,377 TestNG-tests-1 - TemplateLoader.findTemplateSource("spark/partials/navbar.ftl"): Found
11 Jan 2023 12:22:23,377 TestNG-tests-1 - Loading template for "spark/partials/navbar.ftl"("en_US", UTF-8, parsed) from "jar:file:/C:/Users/Ashok/.m2/repository/com/aventstack/extentreports/5.0.8/extentreports-5.0.8.jar!/com/aventstack/extentreports/templates/spark/partials/navbar.ftl"
11 Jan 2023 12:22:23,388 TestNG-tests-1 - Couldn't find template in cache for "spark/partials/sidenav.ftl"("en_US", UTF-8, parsed); will try to load it.
11 Jan 2023 12:22:23,389 TestNG-tests-1 - TemplateLoader.findTemplateSource("spark/partials/sidenav_en_US.ftl"): Not found
11 Jan 2023 12:22:23,390 TestNG-tests-1 - TemplateLoader.findTemplateSource("spark/partials/sidenav_en.ftl"): Not found
11 Jan 2023 12:22:23,390 TestNG-tests-1 - TemplateLoader.findTemplateSource("spark/partials/sidenav.ftl"): Found
11 Jan 2023 12:22:23,390 TestNG-tests-1 - Loading template for "spark/partials/sidenav.ftl"("en_US", UTF-8, parsed) from "jar:file:/C:/Users/Ashok/.m2/repository/com/aventstack/extentreports/5.0.8/extentreports-5.0.8.jar!/com/aventstack/extentreports/templates/spark/partials/sidenav.ftl"
11 Jan 2023 12:22:23,451 TestNG-tests-1 - Couldn't find template in cache for "spark/partials/test.ftl"("en_US", UTF-8, parsed); will try to load it.
11 Jan 2023 12:22:23,451 TestNG-tests-1 - TemplateLoader.findTemplateSource("spark/partials/test_en_US.ftl"): Not found
11 Jan 2023 12:22:23,453 TestNG-tests-1 - TemplateLoader.findTemplateSource("spark/partials/test_en.ftl"): Not found
11 Jan 2023 12:22:23,453 TestNG-tests-1 - TemplateLoader.findTemplateSource("spark/partials/test.ftl"): Found
11 Jan 2023 12:22:23,453 TestNG-tests-1 - Loading template for "spark/partials/test.ftl"("en_US", UTF-8, parsed) from "jar:file:/C:/Users/Ashok/.m2/repository/com/aventstack/extentreports/5.0.8/extentreports-5.0.8.jar!/com/aventstack/extentreports/templates/spark/partials/test.ftl"
11 Jan 2023 12:22:23,517 TestNG-tests-1 - Couldn't find template in cache for "spark/partials/standard-content.ftl"("en_US", UTF-8, parsed); will try to load it.
11 Jan 2023 12:22:23,518 TestNG-tests-1 - TemplateLoader.findTemplateSource("spark/partials/standard-content_en_US.ftl"): Not found
11 Jan 2023 12:22:23,519 TestNG-tests-1 - TemplateLoader.findTemplateSource("spark/partials/standard-content_en.ftl"): Not found
11 Jan 2023 12:22:23,521 TestNG-tests-1 - TemplateLoader.findTemplateSource("spark/partials/standard-content.ftl"): Found
11 Jan 2023 12:22:23,522 TestNG-tests-1 - Loading template for "spark/partials/standard-content.ftl"("en_US", UTF-8, parsed) from "jar:file:/C:/Users/Ashok/.m2/repository/com/aventstack/extentreports/5.0.8/extentreports-5.0.8.jar!/com/aventstack/extentreports/templates/spark/partials/standard-content.ftl"
11 Jan 2023 12:22:23,530 TestNG-tests-1 - "spark/partials/standard-content.ftl"("en_US", UTF-8, parsed) cached copy not yet stale; using cached.
11 Jan 2023 12:22:23,545 TestNG-tests-1 - "spark/partials/standard-content.ftl"("en_US", UTF-8, parsed) cached copy not yet stale; using cached.
11 Jan 2023 12:22:23,548 TestNG-tests-1 - "spark/partials/standard-content.ftl"("en_US", UTF-8, parsed) cached copy not yet stale; using cached.
11 Jan 2023 12:22:23,550 TestNG-tests-1 - "spark/partials/standard-content.ftl"("en_US", UTF-8, parsed) cached copy not yet stale; using cached.
11 Jan 2023 12:22:23,554 TestNG-tests-1 - "spark/partials/standard-content.ftl"("en_US", UTF-8, parsed) cached copy not yet stale; using cached.
11 Jan 2023 12:22:23,555 TestNG-tests-1 - "spark/partials/standard-content.ftl"("en_US", UTF-8, parsed) cached copy not yet stale; using cached.
11 Jan 2023 12:22:23,571 TestNG-tests-1 - "spark/partials/standard-content.ftl"("en_US", UTF-8, parsed) cached copy not yet stale; using cached.
11 Jan 2023 12:22:23,574 TestNG-tests-1 - "spark/partials/standard-content.ftl"("en_US", UTF-8, parsed) cached copy not yet stale; using cached.
11 Jan 2023 12:22:23,575 TestNG-tests-1 - "spark/partials/standard-content.ftl"("en_US", UTF-8, parsed) cached copy not yet stale; using cached.
11 Jan 2023 12:22:23,577 TestNG-tests-1 - "spark/partials/standard-content.ftl"("en_US", UTF-8, parsed) cached copy not yet stale; using cached.
11 Jan 2023 12:22:23,578 TestNG-tests-1 - "spark/partials/standard-content.ftl"("en_US", UTF-8, parsed) cached copy not yet stale; using cached.
11 Jan 2023 12:22:23,578 TestNG-tests-1 - Couldn't find template in cache for "spark/partials/exception.ftl"("en_US", UTF-8, parsed); will try to load it.
11 Jan 2023 12:22:23,580 TestNG-tests-1 - TemplateLoader.findTemplateSource("spark/partials/exception_en_US.ftl"): Not found
11 Jan 2023 12:22:23,581 TestNG-tests-1 - TemplateLoader.findTemplateSource("spark/partials/exception_en.ftl"): Not found
11 Jan 2023 12:22:23,583 TestNG-tests-1 - TemplateLoader.findTemplateSource("spark/partials/exception.ftl"): Found
11 Jan 2023 12:22:23,583 TestNG-tests-1 - Loading template for "spark/partials/exception.ftl"("en_US", UTF-8, parsed) from "jar:file:/C:/Users/Ashok/.m2/repository/com/aventstack/extentreports/5.0.8/extentreports-5.0.8.jar!/com/aventstack/extentreports/templates/spark/partials/exception.ftl"
11 Jan 2023 12:22:23,586 TestNG-tests-1 - Couldn't find template in cache for "spark/partials/category.ftl"("en_US", UTF-8, parsed); will try to load it.
11 Jan 2023 12:22:23,586 TestNG-tests-1 - TemplateLoader.findTemplateSource("spark/partials/category_en_US.ftl"): Not found
11 Jan 2023 12:22:23,587 TestNG-tests-1 - TemplateLoader.findTemplateSource("spark/partials/category_en.ftl"): Not found
11 Jan 2023 12:22:23,588 TestNG-tests-1 - TemplateLoader.findTemplateSource("spark/partials/category.ftl"): Found
11 Jan 2023 12:22:23,588 TestNG-tests-1 - Loading template for "spark/partials/category.ftl"("en_US", UTF-8, parsed) from "jar:file:/C:/Users/Ashok/.m2/repository/com/aventstack/extentreports/5.0.8/extentreports-5.0.8.jar!/com/aventstack/extentreports/templates/spark/partials/category.ftl"
11 Jan 2023 12:22:23,595 TestNG-tests-1 - Couldn't find template in cache for "spark/partials/device.ftl"("en_US", UTF-8, parsed); will try to load it.
11 Jan 2023 12:22:23,596 TestNG-tests-1 - TemplateLoader.findTemplateSource("spark/partials/device_en_US.ftl"): Not found
11 Jan 2023 12:22:23,596 TestNG-tests-1 - TemplateLoader.findTemplateSource("spark/partials/device_en.ftl"): Not found
11 Jan 2023 12:22:23,597 TestNG-tests-1 - TemplateLoader.findTemplateSource("spark/partials/device.ftl"): Found
11 Jan 2023 12:22:23,597 TestNG-tests-1 - Loading template for "spark/partials/device.ftl"("en_US", UTF-8, parsed) from "jar:file:/C:/Users/Ashok/.m2/repository/com/aventstack/extentreports/5.0.8/extentreports-5.0.8.jar!/com/aventstack/extentreports/templates/spark/partials/device.ftl"
11 Jan 2023 12:22:23,600 TestNG-tests-1 - Couldn't find template in cache for "spark/partials/author.ftl"("en_US", UTF-8, parsed); will try to load it.
11 Jan 2023 12:22:23,600 TestNG-tests-1 - TemplateLoader.findTemplateSource("spark/partials/author_en_US.ftl"): Not found
11 Jan 2023 12:22:23,603 TestNG-tests-1 - TemplateLoader.findTemplateSource("spark/partials/author_en.ftl"): Not found
11 Jan 2023 12:22:23,605 TestNG-tests-1 - TemplateLoader.findTemplateSource("spark/partials/author.ftl"): Found
11 Jan 2023 12:22:23,605 TestNG-tests-1 - Loading template for "spark/partials/author.ftl"("en_US", UTF-8, parsed) from "jar:file:/C:/Users/Ashok/.m2/repository/com/aventstack/extentreports/5.0.8/extentreports-5.0.8.jar!/com/aventstack/extentreports/templates/spark/partials/author.ftl"
11 Jan 2023 12:22:23,608 TestNG-tests-1 - Couldn't find template in cache for "spark/partials/log.ftl"("en_US", UTF-8, parsed); will try to load it.
11 Jan 2023 12:22:23,608 TestNG-tests-1 - TemplateLoader.findTemplateSource("spark/partials/log_en_US.ftl"): Not found
11 Jan 2023 12:22:23,609 TestNG-tests-1 - TemplateLoader.findTemplateSource("spark/partials/log_en.ftl"): Not found
11 Jan 2023 12:22:23,609 TestNG-tests-1 - TemplateLoader.findTemplateSource("spark/partials/log.ftl"): Found
11 Jan 2023 12:22:23,609 TestNG-tests-1 - Loading template for "spark/partials/log.ftl"("en_US", UTF-8, parsed) from "jar:file:/C:/Users/Ashok/.m2/repository/com/aventstack/extentreports/5.0.8/extentreports-5.0.8.jar!/com/aventstack/extentreports/templates/spark/partials/log.ftl"
11 Jan 2023 12:22:23,611 TestNG-tests-1 - Couldn't find template in cache for "spark/partials/dashboard.ftl"("en_US", UTF-8, parsed); will try to load it.
11 Jan 2023 12:22:23,611 TestNG-tests-1 - TemplateLoader.findTemplateSource("spark/partials/dashboard_en_US.ftl"): Not found
11 Jan 2023 12:22:23,612 TestNG-tests-1 - TemplateLoader.findTemplateSource("spark/partials/dashboard_en.ftl"): Not found
11 Jan 2023 12:22:23,612 TestNG-tests-1 - TemplateLoader.findTemplateSource("spark/partials/dashboard.ftl"): Found
11 Jan 2023 12:22:23,612 TestNG-tests-1 - Loading template for "spark/partials/dashboard.ftl"("en_US", UTF-8, parsed) from "jar:file:/C:/Users/Ashok/.m2/repository/com/aventstack/extentreports/5.0.8/extentreports-5.0.8.jar!/com/aventstack/extentreports/templates/spark/partials/dashboard.ftl"
11 Jan 2023 12:22:23,711 TestNG-tests-1 - Couldn't find template in cache for "spark/partials/scripts.ftl"("en_US", UTF-8, parsed); will try to load it.
11 Jan 2023 12:22:23,712 TestNG-tests-1 - TemplateLoader.findTemplateSource("spark/partials/scripts_en_US.ftl"): Not found
11 Jan 2023 12:22:23,712 TestNG-tests-1 - TemplateLoader.findTemplateSource("spark/partials/scripts_en.ftl"): Not found
11 Jan 2023 12:22:23,713 TestNG-tests-1 - TemplateLoader.findTemplateSource("spark/partials/scripts.ftl"): Found
11 Jan 2023 12:22:23,713 TestNG-tests-1 - Loading template for "spark/partials/scripts.ftl"("en_US", UTF-8, parsed) from "jar:file:/C:/Users/Ashok/.m2/repository/com/aventstack/extentreports/5.0.8/extentreports-5.0.8.jar!/com/aventstack/extentreports/templates/spark/partials/scripts.ftl"
11 Jan 2023 12:22:23,717 TestNG-tests-1 - Couldn't find template in cache for "commons/commons-inject-js.ftl"("en_US", UTF-8, parsed); will try to load it.
11 Jan 2023 12:22:23,717 TestNG-tests-1 - TemplateLoader.findTemplateSource("commons/commons-inject-js_en_US.ftl"): Not found
11 Jan 2023 12:22:23,718 TestNG-tests-1 - TemplateLoader.findTemplateSource("commons/commons-inject-js_en.ftl"): Not found
11 Jan 2023 12:22:23,719 TestNG-tests-1 - TemplateLoader.findTemplateSource("commons/commons-inject-js.ftl"): Found
11 Jan 2023 12:22:23,720 TestNG-tests-1 - Loading template for "commons/commons-inject-js.ftl"("en_US", UTF-8, parsed) from "jar:file:/C:/Users/Ashok/.m2/repository/com/aventstack/extentreports/5.0.8/extentreports-5.0.8.jar!/com/aventstack/extentreports/templates/commons/commons-inject-js.ftl"
11 Jan 2023 12:22:33,185 TestNG-tests-2 - TemplateLoader.findTemplateSource("spark/spark.spa_en_US.ftl"): Not found
11 Jan 2023 12:22:33,187 TestNG-tests-2 - TemplateLoader.findTemplateSource("spark/spark.spa_en.ftl"): Not found
11 Jan 2023 12:22:33,187 TestNG-tests-2 - TemplateLoader.findTemplateSource("spark/spark.spa.ftl"): Found
11 Jan 2023 12:22:33,188 TestNG-tests-2 - "spark/spark.spa.ftl"("en_US", UTF-8, parsed): using cached since jar:file:/C:/Users/Ashok/.m2/repository/com/aventstack/extentreports/5.0.8/extentreports-5.0.8.jar!/com/aventstack/extentreports/templates/spark/spark.spa.ftl hasn't changed.
11 Jan 2023 12:22:33,192 TestNG-tests-2 - TemplateLoader.findTemplateSource("commons/commons-variables_en_US.ftl"): Not found
11 Jan 2023 12:22:33,195 TestNG-tests-2 - TemplateLoader.findTemplateSource("commons/commons-variables_en.ftl"): Not found
11 Jan 2023 12:22:33,196 TestNG-tests-2 - TemplateLoader.findTemplateSource("commons/commons-variables.ftl"): Found
11 Jan 2023 12:22:33,196 TestNG-tests-2 - "commons/commons-variables.ftl"("en_US", UTF-8, parsed): using cached since jar:file:/C:/Users/Ashok/.m2/repository/com/aventstack/extentreports/5.0.8/extentreports-5.0.8.jar!/com/aventstack/extentreports/templates/commons/commons-variables.ftl hasn't changed.
11 Jan 2023 12:22:33,199 TestNG-tests-2 - TemplateLoader.findTemplateSource("commons/commons-macros_en_US.ftl"): Not found
11 Jan 2023 12:22:33,199 TestNG-tests-2 - TemplateLoader.findTemplateSource("commons/commons-macros_en.ftl"): Not found
11 Jan 2023 12:22:33,199 TestNG-tests-2 - TemplateLoader.findTemplateSource("commons/commons-macros.ftl"): Found
11 Jan 2023 12:22:33,199 TestNG-tests-2 - "commons/commons-macros.ftl"("en_US", UTF-8, parsed): using cached since jar:file:/C:/Users/Ashok/.m2/repository/com/aventstack/extentreports/5.0.8/extentreports-5.0.8.jar!/com/aventstack/extentreports/templates/commons/commons-macros.ftl hasn't changed.
11 Jan 2023 12:22:33,201 TestNG-tests-2 - TemplateLoader.findTemplateSource("spark/macros/attributes_en_US.ftl"): Not found
11 Jan 2023 12:22:33,201 TestNG-tests-2 - TemplateLoader.findTemplateSource("spark/macros/attributes_en.ftl"): Not found
11 Jan 2023 12:22:33,201 TestNG-tests-2 - TemplateLoader.findTemplateSource("spark/macros/attributes.ftl"): Found
11 Jan 2023 12:22:33,202 TestNG-tests-2 - "spark/macros/attributes.ftl"("en_US", UTF-8, parsed): using cached since jar:file:/C:/Users/Ashok/.m2/repository/com/aventstack/extentreports/5.0.8/extentreports-5.0.8.jar!/com/aventstack/extentreports/templates/spark/macros/attributes.ftl hasn't changed.
11 Jan 2023 12:22:33,203 TestNG-tests-2 - TemplateLoader.findTemplateSource("spark/macros/log_en_US.ftl"): Not found
11 Jan 2023 12:22:33,203 TestNG-tests-2 - TemplateLoader.findTemplateSource("spark/macros/log_en.ftl"): Not found
11 Jan 2023 12:22:33,204 TestNG-tests-2 - TemplateLoader.findTemplateSource("spark/macros/log.ftl"): Found
11 Jan 2023 12:22:33,205 TestNG-tests-2 - "spark/macros/log.ftl"("en_US", UTF-8, parsed): using cached since jar:file:/C:/Users/Ashok/.m2/repository/com/aventstack/extentreports/5.0.8/extentreports-5.0.8.jar!/com/aventstack/extentreports/templates/spark/macros/log.ftl hasn't changed.
11 Jan 2023 12:22:33,205 TestNG-tests-2 - TemplateLoader.findTemplateSource("spark/macros/recurse_nodes_en_US.ftl"): Not found
11 Jan 2023 12:22:33,206 TestNG-tests-2 - TemplateLoader.findTemplateSource("spark/macros/recurse_nodes_en.ftl"): Not found
11 Jan 2023 12:22:33,206 TestNG-tests-2 - TemplateLoader.findTemplateSource("spark/macros/recurse_nodes.ftl"): Found
11 Jan 2023 12:22:33,206 TestNG-tests-2 - "spark/macros/recurse_nodes.ftl"("en_US", UTF-8, parsed): using cached since jar:file:/C:/Users/Ashok/.m2/repository/com/aventstack/extentreports/5.0.8/extentreports-5.0.8.jar!/com/aventstack/extentreports/templates/spark/macros/recurse_nodes.ftl hasn't changed.
11 Jan 2023 12:22:33,207 TestNG-tests-2 - "spark/macros/log.ftl"("en_US", UTF-8, parsed) cached copy not yet stale; using cached.
11 Jan 2023 12:22:33,207 TestNG-tests-2 - TemplateLoader.findTemplateSource("spark/macros/attr-common_en_US.ftl"): Not found
11 Jan 2023 12:22:33,207 TestNG-tests-2 - TemplateLoader.findTemplateSource("spark/macros/attr-common_en.ftl"): Not found
11 Jan 2023 12:22:33,207 TestNG-tests-2 - TemplateLoader.findTemplateSource("spark/macros/attr-common.ftl"): Found
11 Jan 2023 12:22:33,207 TestNG-tests-2 - "spark/macros/attr-common.ftl"("en_US", UTF-8, parsed): using cached since jar:file:/C:/Users/Ashok/.m2/repository/com/aventstack/extentreports/5.0.8/extentreports-5.0.8.jar!/com/aventstack/extentreports/templates/spark/macros/attr-common.ftl hasn't changed.
11 Jan 2023 12:22:33,208 TestNG-tests-2 - TemplateLoader.findTemplateSource("spark/partials/head_en_US.ftl"): Not found
11 Jan 2023 12:22:33,208 TestNG-tests-2 - TemplateLoader.findTemplateSource("spark/partials/head_en.ftl"): Not found
11 Jan 2023 12:22:33,209 TestNG-tests-2 - TemplateLoader.findTemplateSource("spark/partials/head.ftl"): Found
11 Jan 2023 12:22:33,209 TestNG-tests-2 - "spark/partials/head.ftl"("en_US", UTF-8, parsed): using cached since jar:file:/C:/Users/Ashok/.m2/repository/com/aventstack/extentreports/5.0.8/extentreports-5.0.8.jar!/com/aventstack/extentreports/templates/spark/partials/head.ftl hasn't changed.
11 Jan 2023 12:22:33,210 TestNG-tests-2 - TemplateLoader.findTemplateSource("commons/commons-inject-css_en_US.ftl"): Not found
11 Jan 2023 12:22:33,210 TestNG-tests-2 - TemplateLoader.findTemplateSource("commons/commons-inject-css_en.ftl"): Not found
11 Jan 2023 12:22:33,210 TestNG-tests-2 - TemplateLoader.findTemplateSource("commons/commons-inject-css.ftl"): Found
11 Jan 2023 12:22:33,210 TestNG-tests-2 - "commons/commons-inject-css.ftl"("en_US", UTF-8, parsed): using cached since jar:file:/C:/Users/Ashok/.m2/repository/com/aventstack/extentreports/5.0.8/extentreports-5.0.8.jar!/com/aventstack/extentreports/templates/commons/commons-inject-css.ftl hasn't changed.
11 Jan 2023 12:22:33,210 TestNG-tests-2 - TemplateLoader.findTemplateSource("spark/partials/navbar_en_US.ftl"): Not found
11 Jan 2023 12:22:33,210 TestNG-tests-2 - TemplateLoader.findTemplateSource("spark/partials/navbar_en.ftl"): Not found
11 Jan 2023 12:22:33,211 TestNG-tests-2 - TemplateLoader.findTemplateSource("spark/partials/navbar.ftl"): Found
11 Jan 2023 12:22:33,211 TestNG-tests-2 - "spark/partials/navbar.ftl"("en_US", UTF-8, parsed): using cached since jar:file:/C:/Users/Ashok/.m2/repository/com/aventstack/extentreports/5.0.8/extentreports-5.0.8.jar!/com/aventstack/extentreports/templates/spark/partials/navbar.ftl hasn't changed.
11 Jan 2023 12:22:33,212 TestNG-tests-2 - TemplateLoader.findTemplateSource("spark/partials/sidenav_en_US.ftl"): Not found
11 Jan 2023 12:22:33,212 TestNG-tests-2 - TemplateLoader.findTemplateSource("spark/partials/sidenav_en.ftl"): Not found
11 Jan 2023 12:22:33,212 TestNG-tests-2 - TemplateLoader.findTemplateSource("spark/partials/sidenav.ftl"): Found
11 Jan 2023 12:22:33,212 TestNG-tests-2 - "spark/partials/sidenav.ftl"("en_US", UTF-8, parsed): using cached since jar:file:/C:/Users/Ashok/.m2/repository/com/aventstack/extentreports/5.0.8/extentreports-5.0.8.jar!/com/aventstack/extentreports/templates/spark/partials/sidenav.ftl hasn't changed.
11 Jan 2023 12:22:33,214 TestNG-tests-2 - TemplateLoader.findTemplateSource("spark/partials/test_en_US.ftl"): Not found
11 Jan 2023 12:22:33,215 TestNG-tests-2 - TemplateLoader.findTemplateSource("spark/partials/test_en.ftl"): Not found
11 Jan 2023 12:22:33,215 TestNG-tests-2 - TemplateLoader.findTemplateSource("spark/partials/test.ftl"): Found
11 Jan 2023 12:22:33,215 TestNG-tests-2 - "spark/partials/test.ftl"("en_US", UTF-8, parsed): using cached since jar:file:/C:/Users/Ashok/.m2/repository/com/aventstack/extentreports/5.0.8/extentreports-5.0.8.jar!/com/aventstack/extentreports/templates/spark/partials/test.ftl hasn't changed.
11 Jan 2023 12:22:33,223 TestNG-tests-2 - TemplateLoader.findTemplateSource("spark/partials/standard-content_en_US.ftl"): Not found
11 Jan 2023 12:22:33,225 TestNG-tests-2 - TemplateLoader.findTemplateSource("spark/partials/standard-content_en.ftl"): Not found
11 Jan 2023 12:22:33,225 TestNG-tests-2 - TemplateLoader.findTemplateSource("spark/partials/standard-content.ftl"): Found
11 Jan 2023 12:22:33,226 TestNG-tests-2 - "spark/partials/standard-content.ftl"("en_US", UTF-8, parsed): using cached since jar:file:/C:/Users/Ashok/.m2/repository/com/aventstack/extentreports/5.0.8/extentreports-5.0.8.jar!/com/aventstack/extentreports/templates/spark/partials/standard-content.ftl hasn't changed.
11 Jan 2023 12:22:33,228 TestNG-tests-2 - "spark/partials/standard-content.ftl"("en_US", UTF-8, parsed) cached copy not yet stale; using cached.
11 Jan 2023 12:22:33,229 TestNG-tests-2 - "spark/partials/standard-content.ftl"("en_US", UTF-8, parsed) cached copy not yet stale; using cached.
11 Jan 2023 12:22:33,233 TestNG-tests-2 - "spark/partials/standard-content.ftl"("en_US", UTF-8, parsed) cached copy not yet stale; using cached.
11 Jan 2023 12:22:33,234 TestNG-tests-2 - "spark/partials/standard-content.ftl"("en_US", UTF-8, parsed) cached copy not yet stale; using cached.
11 Jan 2023 12:22:33,238 TestNG-tests-2 - "spark/partials/standard-content.ftl"("en_US", UTF-8, parsed) cached copy not yet stale; using cached.
11 Jan 2023 12:22:33,239 TestNG-tests-2 - "spark/partials/standard-content.ftl"("en_US", UTF-8, parsed) cached copy not yet stale; using cached.
11 Jan 2023 12:22:33,240 TestNG-tests-2 - "spark/partials/standard-content.ftl"("en_US", UTF-8, parsed) cached copy not yet stale; using cached.
11 Jan 2023 12:22:33,245 TestNG-tests-2 - "spark/partials/standard-content.ftl"("en_US", UTF-8, parsed) cached copy not yet stale; using cached.
11 Jan 2023 12:22:33,246 TestNG-tests-2 - "spark/partials/standard-content.ftl"("en_US", UTF-8, parsed) cached copy not yet stale; using cached.
11 Jan 2023 12:22:33,247 TestNG-tests-2 - "spark/partials/standard-content.ftl"("en_US", UTF-8, parsed) cached copy not yet stale; using cached.
11 Jan 2023 12:22:33,248 TestNG-tests-2 - "spark/partials/standard-content.ftl"("en_US", UTF-8, parsed) cached copy not yet stale; using cached.
11 Jan 2023 12:22:33,249 TestNG-tests-2 - "spark/partials/standard-content.ftl"("en_US", UTF-8, parsed) cached copy not yet stale; using cached.
11 Jan 2023 12:22:33,250 TestNG-tests-2 - "spark/partials/standard-content.ftl"("en_US", UTF-8, parsed) cached copy not yet stale; using cached.
11 Jan 2023 12:22:33,251 TestNG-tests-2 - TemplateLoader.findTemplateSource("spark/partials/exception_en_US.ftl"): Not found
11 Jan 2023 12:22:33,251 TestNG-tests-2 - TemplateLoader.findTemplateSource("spark/partials/exception_en.ftl"): Not found
11 Jan 2023 12:22:33,252 TestNG-tests-2 - TemplateLoader.findTemplateSource("spark/partials/exception.ftl"): Found
11 Jan 2023 12:22:33,252 TestNG-tests-2 - "spark/partials/exception.ftl"("en_US", UTF-8, parsed): using cached since jar:file:/C:/Users/Ashok/.m2/repository/com/aventstack/extentreports/5.0.8/extentreports-5.0.8.jar!/com/aventstack/extentreports/templates/spark/partials/exception.ftl hasn't changed.
11 Jan 2023 12:22:33,253 TestNG-tests-2 - TemplateLoader.findTemplateSource("spark/partials/category_en_US.ftl"): Not found
11 Jan 2023 12:22:33,254 TestNG-tests-2 - TemplateLoader.findTemplateSource("spark/partials/category_en.ftl"): Not found
11 Jan 2023 12:22:33,254 TestNG-tests-2 - TemplateLoader.findTemplateSource("spark/partials/category.ftl"): Found
11 Jan 2023 12:22:33,254 TestNG-tests-2 - "spark/partials/category.ftl"("en_US", UTF-8, parsed): using cached since jar:file:/C:/Users/Ashok/.m2/repository/com/aventstack/extentreports/5.0.8/extentreports-5.0.8.jar!/com/aventstack/extentreports/templates/spark/partials/category.ftl hasn't changed.
11 Jan 2023 12:22:33,277 TestNG-tests-2 - TemplateLoader.findTemplateSource("spark/partials/device_en_US.ftl"): Not found
11 Jan 2023 12:22:33,277 TestNG-tests-2 - TemplateLoader.findTemplateSource("spark/partials/device_en.ftl"): Not found
11 Jan 2023 12:22:33,277 TestNG-tests-2 - TemplateLoader.findTemplateSource("spark/partials/device.ftl"): Found
11 Jan 2023 12:22:33,277 TestNG-tests-2 - "spark/partials/device.ftl"("en_US", UTF-8, parsed): using cached since jar:file:/C:/Users/Ashok/.m2/repository/com/aventstack/extentreports/5.0.8/extentreports-5.0.8.jar!/com/aventstack/extentreports/templates/spark/partials/device.ftl hasn't changed.
11 Jan 2023 12:22:33,278 TestNG-tests-2 - TemplateLoader.findTemplateSource("spark/partials/author_en_US.ftl"): Not found
11 Jan 2023 12:22:33,278 TestNG-tests-2 - TemplateLoader.findTemplateSource("spark/partials/author_en.ftl"): Not found
11 Jan 2023 12:22:33,278 TestNG-tests-2 - TemplateLoader.findTemplateSource("spark/partials/author.ftl"): Found
11 Jan 2023 12:22:33,279 TestNG-tests-2 - "spark/partials/author.ftl"("en_US", UTF-8, parsed): using cached since jar:file:/C:/Users/Ashok/.m2/repository/com/aventstack/extentreports/5.0.8/extentreports-5.0.8.jar!/com/aventstack/extentreports/templates/spark/partials/author.ftl hasn't changed.
11 Jan 2023 12:22:33,279 TestNG-tests-2 - TemplateLoader.findTemplateSource("spark/partials/log_en_US.ftl"): Not found
11 Jan 2023 12:22:33,280 TestNG-tests-2 - TemplateLoader.findTemplateSource("spark/partials/log_en.ftl"): Not found
11 Jan 2023 12:22:33,280 TestNG-tests-2 - TemplateLoader.findTemplateSource("spark/partials/log.ftl"): Found
11 Jan 2023 12:22:33,280 TestNG-tests-2 - "spark/partials/log.ftl"("en_US", UTF-8, parsed): using cached since jar:file:/C:/Users/Ashok/.m2/repository/com/aventstack/extentreports/5.0.8/extentreports-5.0.8.jar!/com/aventstack/extentreports/templates/spark/partials/log.ftl hasn't changed.
11 Jan 2023 12:22:33,281 TestNG-tests-2 - TemplateLoader.findTemplateSource("spark/partials/dashboard_en_US.ftl"): Not found
11 Jan 2023 12:22:33,281 TestNG-tests-2 - TemplateLoader.findTemplateSource("spark/partials/dashboard_en.ftl"): Not found
11 Jan 2023 12:22:33,281 TestNG-tests-2 - TemplateLoader.findTemplateSource("spark/partials/dashboard.ftl"): Found
11 Jan 2023 12:22:33,281 TestNG-tests-2 - "spark/partials/dashboard.ftl"("en_US", UTF-8, parsed): using cached since jar:file:/C:/Users/Ashok/.m2/repository/com/aventstack/extentreports/5.0.8/extentreports-5.0.8.jar!/com/aventstack/extentreports/templates/spark/partials/dashboard.ftl hasn't changed.
11 Jan 2023 12:22:33,295 TestNG-tests-2 - TemplateLoader.findTemplateSource("spark/partials/scripts_en_US.ftl"): Not found
11 Jan 2023 12:22:33,295 TestNG-tests-2 - TemplateLoader.findTemplateSource("spark/partials/scripts_en.ftl"): Not found
11 Jan 2023 12:22:33,296 TestNG-tests-2 - TemplateLoader.findTemplateSource("spark/partials/scripts.ftl"): Found
11 Jan 2023 12:22:33,296 TestNG-tests-2 - "spark/partials/scripts.ftl"("en_US", UTF-8, parsed): using cached since jar:file:/C:/Users/Ashok/.m2/repository/com/aventstack/extentreports/5.0.8/extentreports-5.0.8.jar!/com/aventstack/extentreports/templates/spark/partials/scripts.ftl hasn't changed.
11 Jan 2023 12:22:33,297 TestNG-tests-2 - TemplateLoader.findTemplateSource("commons/commons-inject-js_en_US.ftl"): Not found
11 Jan 2023 12:22:33,297 TestNG-tests-2 - TemplateLoader.findTemplateSource("commons/commons-inject-js_en.ftl"): Not found
11 Jan 2023 12:22:33,298 TestNG-tests-2 - TemplateLoader.findTemplateSource("commons/commons-inject-js.ftl"): Found
11 Jan 2023 12:22:33,299 TestNG-tests-2 - "commons/commons-inject-js.ftl"("en_US", UTF-8, parsed): using cached since jar:file:/C:/Users/Ashok/.m2/repository/com/aventstack/extentreports/5.0.8/extentreports-5.0.8.jar!/com/aventstack/extentreports/templates/commons/commons-inject-js.ftl hasn't changed.
11 Jan 2023 16:35:28,616 TestNG-tests-1 - Running tests on the environment null
11 Jan 2023 16:35:28,618 TestNG-tests-2 - Running tests on the environment null
11 Jan 2023 16:35:28,618 TestNG-tests-2 - No environment given, hence running on QA
11 Jan 2023 16:35:28,618 TestNG-tests-1 - No environment given, hence running on QA
11 Jan 2023 16:35:28,620 TestNG-tests-2 - Browser name is firefox
11 Jan 2023 16:35:28,621 TestNG-tests-1 - Browser name is chrome
11 Jan 2023 16:35:30,718 TestNG-tests-2 - Couldn't find template in cache for "spark/spark.spa.ftl"("en_US", UTF-8, parsed); will try to load it.
11 Jan 2023 16:35:30,721 TestNG-tests-2 - TemplateLoader.findTemplateSource("spark/spark.spa_en_US.ftl"): Not found
11 Jan 2023 16:35:30,755 TestNG-tests-2 - TemplateLoader.findTemplateSource("spark/spark.spa_en.ftl"): Not found
11 Jan 2023 16:35:30,764 TestNG-tests-2 - TemplateLoader.findTemplateSource("spark/spark.spa.ftl"): Found
11 Jan 2023 16:35:30,765 TestNG-tests-2 - Loading template for "spark/spark.spa.ftl"("en_US", UTF-8, parsed) from "jar:file:/C:/Users/Ashok/.m2/repository/com/aventstack/extentreports/5.0.8/extentreports-5.0.8.jar!/com/aventstack/extentreports/templates/spark/spark.spa.ftl"
11 Jan 2023 16:35:31,452 TestNG-tests-2 - Couldn't find template in cache for "commons/commons-variables.ftl"("en_US", UTF-8, parsed); will try to load it.
11 Jan 2023 16:35:31,453 TestNG-tests-2 - TemplateLoader.findTemplateSource("commons/commons-variables_en_US.ftl"): Not found
11 Jan 2023 16:35:31,453 TestNG-tests-2 - TemplateLoader.findTemplateSource("commons/commons-variables_en.ftl"): Not found
11 Jan 2023 16:35:31,454 TestNG-tests-2 - TemplateLoader.findTemplateSource("commons/commons-variables.ftl"): Found
11 Jan 2023 16:35:31,454 TestNG-tests-2 - Loading template for "commons/commons-variables.ftl"("en_US", UTF-8, parsed) from "jar:file:/C:/Users/Ashok/.m2/repository/com/aventstack/extentreports/5.0.8/extentreports-5.0.8.jar!/com/aventstack/extentreports/templates/commons/commons-variables.ftl"
11 Jan 2023 16:35:32,420 TestNG-tests-2 - Couldn't find template in cache for "commons/commons-macros.ftl"("en_US", UTF-8, parsed); will try to load it.
11 Jan 2023 16:35:32,422 TestNG-tests-2 - TemplateLoader.findTemplateSource("commons/commons-macros_en_US.ftl"): Not found
11 Jan 2023 16:35:32,422 TestNG-tests-2 - TemplateLoader.findTemplateSource("commons/commons-macros_en.ftl"): Not found
11 Jan 2023 16:35:32,423 TestNG-tests-2 - TemplateLoader.findTemplateSource("commons/commons-macros.ftl"): Found
11 Jan 2023 16:35:32,446 TestNG-tests-2 - Loading template for "commons/commons-macros.ftl"("en_US", UTF-8, parsed) from "jar:file:/C:/Users/Ashok/.m2/repository/com/aventstack/extentreports/5.0.8/extentreports-5.0.8.jar!/com/aventstack/extentreports/templates/commons/commons-macros.ftl"
11 Jan 2023 16:35:32,508 TestNG-tests-2 - Couldn't find template in cache for "spark/macros/attributes.ftl"("en_US", UTF-8, parsed); will try to load it.
11 Jan 2023 16:35:32,509 TestNG-tests-2 - TemplateLoader.findTemplateSource("spark/macros/attributes_en_US.ftl"): Not found
11 Jan 2023 16:35:32,510 TestNG-tests-2 - TemplateLoader.findTemplateSource("spark/macros/attributes_en.ftl"): Not found
11 Jan 2023 16:35:32,511 TestNG-tests-2 - TemplateLoader.findTemplateSource("spark/macros/attributes.ftl"): Found
11 Jan 2023 16:35:32,511 TestNG-tests-2 - Loading template for "spark/macros/attributes.ftl"("en_US", UTF-8, parsed) from "jar:file:/C:/Users/Ashok/.m2/repository/com/aventstack/extentreports/5.0.8/extentreports-5.0.8.jar!/com/aventstack/extentreports/templates/spark/macros/attributes.ftl"
11 Jan 2023 16:35:32,529 TestNG-tests-2 - Couldn't find template in cache for "spark/macros/log.ftl"("en_US", UTF-8, parsed); will try to load it.
11 Jan 2023 16:35:32,530 TestNG-tests-2 - TemplateLoader.findTemplateSource("spark/macros/log_en_US.ftl"): Not found
11 Jan 2023 16:35:32,534 TestNG-tests-2 - TemplateLoader.findTemplateSource("spark/macros/log_en.ftl"): Not found
11 Jan 2023 16:35:32,535 TestNG-tests-2 - TemplateLoader.findTemplateSource("spark/macros/log.ftl"): Found
11 Jan 2023 16:35:32,535 TestNG-tests-2 - Loading template for "spark/macros/log.ftl"("en_US", UTF-8, parsed) from "jar:file:/C:/Users/Ashok/.m2/repository/com/aventstack/extentreports/5.0.8/extentreports-5.0.8.jar!/com/aventstack/extentreports/templates/spark/macros/log.ftl"
11 Jan 2023 16:35:32,567 TestNG-tests-2 - Couldn't find template in cache for "spark/macros/recurse_nodes.ftl"("en_US", UTF-8, parsed); will try to load it.
11 Jan 2023 16:35:32,568 TestNG-tests-2 - TemplateLoader.findTemplateSource("spark/macros/recurse_nodes_en_US.ftl"): Not found
11 Jan 2023 16:35:32,569 TestNG-tests-2 - TemplateLoader.findTemplateSource("spark/macros/recurse_nodes_en.ftl"): Not found
11 Jan 2023 16:35:32,570 TestNG-tests-2 - TemplateLoader.findTemplateSource("spark/macros/recurse_nodes.ftl"): Found
11 Jan 2023 16:35:32,570 TestNG-tests-2 - Loading template for "spark/macros/recurse_nodes.ftl"("en_US", UTF-8, parsed) from "jar:file:/C:/Users/Ashok/.m2/repository/com/aventstack/extentreports/5.0.8/extentreports-5.0.8.jar!/com/aventstack/extentreports/templates/spark/macros/recurse_nodes.ftl"
11 Jan 2023 16:35:32,579 TestNG-tests-2 - "spark/macros/log.ftl"("en_US", UTF-8, parsed) cached copy not yet stale; using cached.
11 Jan 2023 16:35:32,579 TestNG-tests-2 - Couldn't find template in cache for "spark/macros/attr-common.ftl"("en_US", UTF-8, parsed); will try to load it.
11 Jan 2023 16:35:32,580 TestNG-tests-2 - TemplateLoader.findTemplateSource("spark/macros/attr-common_en_US.ftl"): Not found
11 Jan 2023 16:35:32,581 TestNG-tests-2 - TemplateLoader.findTemplateSource("spark/macros/attr-common_en.ftl"): Not found
11 Jan 2023 16:35:32,582 TestNG-tests-2 - TemplateLoader.findTemplateSource("spark/macros/attr-common.ftl"): Found
11 Jan 2023 16:35:32,582 TestNG-tests-2 - Loading template for "spark/macros/attr-common.ftl"("en_US", UTF-8, parsed) from "jar:file:/C:/Users/Ashok/.m2/repository/com/aventstack/extentreports/5.0.8/extentreports-5.0.8.jar!/com/aventstack/extentreports/templates/spark/macros/attr-common.ftl"
11 Jan 2023 16:35:32,605 TestNG-tests-2 - Couldn't find template in cache for "spark/partials/head.ftl"("en_US", UTF-8, parsed); will try to load it.
11 Jan 2023 16:35:32,606 TestNG-tests-2 - TemplateLoader.findTemplateSource("spark/partials/head_en_US.ftl"): Not found
11 Jan 2023 16:35:32,607 TestNG-tests-2 - TemplateLoader.findTemplateSource("spark/partials/head_en.ftl"): Not found
11 Jan 2023 16:35:32,614 TestNG-tests-2 - TemplateLoader.findTemplateSource("spark/partials/head.ftl"): Found
11 Jan 2023 16:35:32,614 TestNG-tests-2 - Loading template for "spark/partials/head.ftl"("en_US", UTF-8, parsed) from "jar:file:/C:/Users/Ashok/.m2/repository/com/aventstack/extentreports/5.0.8/extentreports-5.0.8.jar!/com/aventstack/extentreports/templates/spark/partials/head.ftl"
11 Jan 2023 16:35:32,622 TestNG-tests-2 - Couldn't find template in cache for "commons/commons-inject-css.ftl"("en_US", UTF-8, parsed); will try to load it.
11 Jan 2023 16:35:32,624 TestNG-tests-2 - TemplateLoader.findTemplateSource("commons/commons-inject-css_en_US.ftl"): Not found
11 Jan 2023 16:35:32,626 TestNG-tests-2 - TemplateLoader.findTemplateSource("commons/commons-inject-css_en.ftl"): Not found
11 Jan 2023 16:35:32,627 TestNG-tests-2 - TemplateLoader.findTemplateSource("commons/commons-inject-css.ftl"): Found
11 Jan 2023 16:35:32,628 TestNG-tests-2 - Loading template for "commons/commons-inject-css.ftl"("en_US", UTF-8, parsed) from "jar:file:/C:/Users/Ashok/.m2/repository/com/aventstack/extentreports/5.0.8/extentreports-5.0.8.jar!/com/aventstack/extentreports/templates/commons/commons-inject-css.ftl"
11 Jan 2023 16:35:32,629 TestNG-tests-2 - Couldn't find template in cache for "spark/partials/navbar.ftl"("en_US", UTF-8, parsed); will try to load it.
11 Jan 2023 16:35:32,630 TestNG-tests-2 - TemplateLoader.findTemplateSource("spark/partials/navbar_en_US.ftl"): Not found
11 Jan 2023 16:35:32,631 TestNG-tests-2 - TemplateLoader.findTemplateSource("spark/partials/navbar_en.ftl"): Not found
11 Jan 2023 16:35:32,631 TestNG-tests-2 - TemplateLoader.findTemplateSource("spark/partials/navbar.ftl"): Found
11 Jan 2023 16:35:32,632 TestNG-tests-2 - Loading template for "spark/partials/navbar.ftl"("en_US", UTF-8, parsed) from "jar:file:/C:/Users/Ashok/.m2/repository/com/aventstack/extentreports/5.0.8/extentreports-5.0.8.jar!/com/aventstack/extentreports/templates/spark/partials/navbar.ftl"
11 Jan 2023 16:35:32,674 TestNG-tests-2 - Couldn't find template in cache for "spark/partials/sidenav.ftl"("en_US", UTF-8, parsed); will try to load it.
11 Jan 2023 16:35:32,676 TestNG-tests-2 - TemplateLoader.findTemplateSource("spark/partials/sidenav_en_US.ftl"): Not found
11 Jan 2023 16:35:32,677 TestNG-tests-2 - TemplateLoader.findTemplateSource("spark/partials/sidenav_en.ftl"): Not found
11 Jan 2023 16:35:32,680 TestNG-tests-2 - TemplateLoader.findTemplateSource("spark/partials/sidenav.ftl"): Found
11 Jan 2023 16:35:32,681 TestNG-tests-2 - Loading template for "spark/partials/sidenav.ftl"("en_US", UTF-8, parsed) from "jar:file:/C:/Users/Ashok/.m2/repository/com/aventstack/extentreports/5.0.8/extentreports-5.0.8.jar!/com/aventstack/extentreports/templates/spark/partials/sidenav.ftl"
11 Jan 2023 16:35:32,738 TestNG-tests-2 - Couldn't find template in cache for "spark/partials/test.ftl"("en_US", UTF-8, parsed); will try to load it.
11 Jan 2023 16:35:32,739 TestNG-tests-2 - TemplateLoader.findTemplateSource("spark/partials/test_en_US.ftl"): Not found
11 Jan 2023 16:35:32,743 TestNG-tests-2 - TemplateLoader.findTemplateSource("spark/partials/test_en.ftl"): Not found
11 Jan 2023 16:35:32,744 TestNG-tests-2 - TemplateLoader.findTemplateSource("spark/partials/test.ftl"): Found
11 Jan 2023 16:35:32,744 TestNG-tests-2 - Loading template for "spark/partials/test.ftl"("en_US", UTF-8, parsed) from "jar:file:/C:/Users/Ashok/.m2/repository/com/aventstack/extentreports/5.0.8/extentreports-5.0.8.jar!/com/aventstack/extentreports/templates/spark/partials/test.ftl"
11 Jan 2023 16:35:32,769 TestNG-tests-2 - Couldn't find template in cache for "spark/partials/exception.ftl"("en_US", UTF-8, parsed); will try to load it.
11 Jan 2023 16:35:32,770 TestNG-tests-2 - TemplateLoader.findTemplateSource("spark/partials/exception_en_US.ftl"): Not found
11 Jan 2023 16:35:32,771 TestNG-tests-2 - TemplateLoader.findTemplateSource("spark/partials/exception_en.ftl"): Not found
11 Jan 2023 16:35:32,777 TestNG-tests-2 - TemplateLoader.findTemplateSource("spark/partials/exception.ftl"): Found
11 Jan 2023 16:35:32,777 TestNG-tests-2 - Loading template for "spark/partials/exception.ftl"("en_US", UTF-8, parsed) from "jar:file:/C:/Users/Ashok/.m2/repository/com/aventstack/extentreports/5.0.8/extentreports-5.0.8.jar!/com/aventstack/extentreports/templates/spark/partials/exception.ftl"
11 Jan 2023 16:35:32,796 TestNG-tests-2 - Couldn't find template in cache for "spark/partials/category.ftl"("en_US", UTF-8, parsed); will try to load it.
11 Jan 2023 16:35:32,798 TestNG-tests-2 - TemplateLoader.findTemplateSource("spark/partials/category_en_US.ftl"): Not found
11 Jan 2023 16:35:32,798 TestNG-tests-2 - TemplateLoader.findTemplateSource("spark/partials/category_en.ftl"): Not found
11 Jan 2023 16:35:32,801 TestNG-tests-2 - TemplateLoader.findTemplateSource("spark/partials/category.ftl"): Found
11 Jan 2023 16:35:32,801 TestNG-tests-2 - Loading template for "spark/partials/category.ftl"("en_US", UTF-8, parsed) from "jar:file:/C:/Users/Ashok/.m2/repository/com/aventstack/extentreports/5.0.8/extentreports-5.0.8.jar!/com/aventstack/extentreports/templates/spark/partials/category.ftl"
11 Jan 2023 16:35:32,804 TestNG-tests-2 - Couldn't find template in cache for "spark/partials/device.ftl"("en_US", UTF-8, parsed); will try to load it.
11 Jan 2023 16:35:32,806 TestNG-tests-2 - TemplateLoader.findTemplateSource("spark/partials/device_en_US.ftl"): Not found
11 Jan 2023 16:35:32,807 TestNG-tests-2 - TemplateLoader.findTemplateSource("spark/partials/device_en.ftl"): Not found
11 Jan 2023 16:35:32,808 TestNG-tests-2 - TemplateLoader.findTemplateSource("spark/partials/device.ftl"): Found
11 Jan 2023 16:35:32,808 TestNG-tests-2 - Loading template for "spark/partials/device.ftl"("en_US", UTF-8, parsed) from "jar:file:/C:/Users/Ashok/.m2/repository/com/aventstack/extentreports/5.0.8/extentreports-5.0.8.jar!/com/aventstack/extentreports/templates/spark/partials/device.ftl"
11 Jan 2023 16:35:32,838 TestNG-tests-2 - Couldn't find template in cache for "spark/partials/author.ftl"("en_US", UTF-8, parsed); will try to load it.
11 Jan 2023 16:35:32,839 TestNG-tests-2 - TemplateLoader.findTemplateSource("spark/partials/author_en_US.ftl"): Not found
11 Jan 2023 16:35:32,840 TestNG-tests-2 - TemplateLoader.findTemplateSource("spark/partials/author_en.ftl"): Not found
11 Jan 2023 16:35:32,841 TestNG-tests-2 - TemplateLoader.findTemplateSource("spark/partials/author.ftl"): Found
11 Jan 2023 16:35:32,843 TestNG-tests-2 - Loading template for "spark/partials/author.ftl"("en_US", UTF-8, parsed) from "jar:file:/C:/Users/Ashok/.m2/repository/com/aventstack/extentreports/5.0.8/extentreports-5.0.8.jar!/com/aventstack/extentreports/templates/spark/partials/author.ftl"
11 Jan 2023 16:35:32,846 TestNG-tests-2 - Couldn't find template in cache for "spark/partials/log.ftl"("en_US", UTF-8, parsed); will try to load it.
11 Jan 2023 16:35:32,846 TestNG-tests-2 - TemplateLoader.findTemplateSource("spark/partials/log_en_US.ftl"): Not found
11 Jan 2023 16:35:32,847 TestNG-tests-2 - TemplateLoader.findTemplateSource("spark/partials/log_en.ftl"): Not found
11 Jan 2023 16:35:32,848 TestNG-tests-2 - TemplateLoader.findTemplateSource("spark/partials/log.ftl"): Found
11 Jan 2023 16:35:32,848 TestNG-tests-2 - Loading template for "spark/partials/log.ftl"("en_US", UTF-8, parsed) from "jar:file:/C:/Users/Ashok/.m2/repository/com/aventstack/extentreports/5.0.8/extentreports-5.0.8.jar!/com/aventstack/extentreports/templates/spark/partials/log.ftl"
11 Jan 2023 16:35:32,852 TestNG-tests-2 - Couldn't find template in cache for "spark/partials/dashboard.ftl"("en_US", UTF-8, parsed); will try to load it.
11 Jan 2023 16:35:32,853 TestNG-tests-2 - TemplateLoader.findTemplateSource("spark/partials/dashboard_en_US.ftl"): Not found
11 Jan 2023 16:35:32,854 TestNG-tests-2 - TemplateLoader.findTemplateSource("spark/partials/dashboard_en.ftl"): Not found
11 Jan 2023 16:35:32,855 TestNG-tests-2 - TemplateLoader.findTemplateSource("spark/partials/dashboard.ftl"): Found
11 Jan 2023 16:35:32,855 TestNG-tests-2 - Loading template for "spark/partials/dashboard.ftl"("en_US", UTF-8, parsed) from "jar:file:/C:/Users/Ashok/.m2/repository/com/aventstack/extentreports/5.0.8/extentreports-5.0.8.jar!/com/aventstack/extentreports/templates/spark/partials/dashboard.ftl"
11 Jan 2023 16:35:33,105 TestNG-tests-2 - Couldn't find template in cache for "spark/partials/scripts.ftl"("en_US", UTF-8, parsed); will try to load it.
11 Jan 2023 16:35:33,106 TestNG-tests-2 - TemplateLoader.findTemplateSource("spark/partials/scripts_en_US.ftl"): Not found
11 Jan 2023 16:35:33,107 TestNG-tests-2 - TemplateLoader.findTemplateSource("spark/partials/scripts_en.ftl"): Not found
11 Jan 2023 16:35:33,109 TestNG-tests-2 - TemplateLoader.findTemplateSource("spark/partials/scripts.ftl"): Found
11 Jan 2023 16:35:33,109 TestNG-tests-2 - Loading template for "spark/partials/scripts.ftl"("en_US", UTF-8, parsed) from "jar:file:/C:/Users/Ashok/.m2/repository/com/aventstack/extentreports/5.0.8/extentreports-5.0.8.jar!/com/aventstack/extentreports/templates/spark/partials/scripts.ftl"
11 Jan 2023 16:35:33,111 TestNG-tests-2 - Couldn't find template in cache for "commons/commons-inject-js.ftl"("en_US", UTF-8, parsed); will try to load it.
11 Jan 2023 16:35:33,112 TestNG-tests-2 - TemplateLoader.findTemplateSource("commons/commons-inject-js_en_US.ftl"): Not found
11 Jan 2023 16:35:33,113 TestNG-tests-2 - TemplateLoader.findTemplateSource("commons/commons-inject-js_en.ftl"): Not found
11 Jan 2023 16:35:33,113 TestNG-tests-2 - TemplateLoader.findTemplateSource("commons/commons-inject-js.ftl"): Found
11 Jan 2023 16:35:33,113 TestNG-tests-2 - Loading template for "commons/commons-inject-js.ftl"("en_US", UTF-8, parsed) from "jar:file:/C:/Users/Ashok/.m2/repository/com/aventstack/extentreports/5.0.8/extentreports-5.0.8.jar!/com/aventstack/extentreports/templates/commons/commons-inject-js.ftl"
11 Jan 2023 16:36:10,344 TestNG-tests-1 - TemplateLoader.findTemplateSource("spark/spark.spa_en_US.ftl"): Not found
11 Jan 2023 16:36:10,345 TestNG-tests-1 - TemplateLoader.findTemplateSource("spark/spark.spa_en.ftl"): Not found
11 Jan 2023 16:36:10,345 TestNG-tests-1 - TemplateLoader.findTemplateSource("spark/spark.spa.ftl"): Found
11 Jan 2023 16:36:10,347 TestNG-tests-1 - "spark/spark.spa.ftl"("en_US", UTF-8, parsed): using cached since jar:file:/C:/Users/Ashok/.m2/repository/com/aventstack/extentreports/5.0.8/extentreports-5.0.8.jar!/com/aventstack/extentreports/templates/spark/spark.spa.ftl hasn't changed.
11 Jan 2023 16:36:10,351 TestNG-tests-1 - TemplateLoader.findTemplateSource("commons/commons-variables_en_US.ftl"): Not found
11 Jan 2023 16:36:10,351 TestNG-tests-1 - TemplateLoader.findTemplateSource("commons/commons-variables_en.ftl"): Not found
11 Jan 2023 16:36:10,352 TestNG-tests-1 - TemplateLoader.findTemplateSource("commons/commons-variables.ftl"): Found
11 Jan 2023 16:36:10,352 TestNG-tests-1 - "commons/commons-variables.ftl"("en_US", UTF-8, parsed): using cached since jar:file:/C:/Users/Ashok/.m2/repository/com/aventstack/extentreports/5.0.8/extentreports-5.0.8.jar!/com/aventstack/extentreports/templates/commons/commons-variables.ftl hasn't changed.
11 Jan 2023 16:36:10,356 TestNG-tests-1 - TemplateLoader.findTemplateSource("commons/commons-macros_en_US.ftl"): Not found
11 Jan 2023 16:36:10,356 TestNG-tests-1 - TemplateLoader.findTemplateSource("commons/commons-macros_en.ftl"): Not found
11 Jan 2023 16:36:10,357 TestNG-tests-1 - TemplateLoader.findTemplateSource("commons/commons-macros.ftl"): Found
11 Jan 2023 16:36:10,357 TestNG-tests-1 - "commons/commons-macros.ftl"("en_US", UTF-8, parsed): using cached since jar:file:/C:/Users/Ashok/.m2/repository/com/aventstack/extentreports/5.0.8/extentreports-5.0.8.jar!/com/aventstack/extentreports/templates/commons/commons-macros.ftl hasn't changed.
11 Jan 2023 16:36:10,358 TestNG-tests-1 - TemplateLoader.findTemplateSource("spark/macros/attributes_en_US.ftl"): Not found
11 Jan 2023 16:36:10,358 TestNG-tests-1 - TemplateLoader.findTemplateSource("spark/macros/attributes_en.ftl"): Not found
11 Jan 2023 16:36:10,359 TestNG-tests-1 - TemplateLoader.findTemplateSource("spark/macros/attributes.ftl"): Found
11 Jan 2023 16:36:10,360 TestNG-tests-1 - "spark/macros/attributes.ftl"("en_US", UTF-8, parsed): using cached since jar:file:/C:/Users/Ashok/.m2/repository/com/aventstack/extentreports/5.0.8/extentreports-5.0.8.jar!/com/aventstack/extentreports/templates/spark/macros/attributes.ftl hasn't changed.
11 Jan 2023 16:36:10,361 TestNG-tests-1 - TemplateLoader.findTemplateSource("spark/macros/log_en_US.ftl"): Not found
11 Jan 2023 16:36:10,362 TestNG-tests-1 - TemplateLoader.findTemplateSource("spark/macros/log_en.ftl"): Not found
11 Jan 2023 16:36:10,362 TestNG-tests-1 - TemplateLoader.findTemplateSource("spark/macros/log.ftl"): Found
11 Jan 2023 16:36:10,362 TestNG-tests-1 - "spark/macros/log.ftl"("en_US", UTF-8, parsed): using cached since jar:file:/C:/Users/Ashok/.m2/repository/com/aventstack/extentreports/5.0.8/extentreports-5.0.8.jar!/com/aventstack/extentreports/templates/spark/macros/log.ftl hasn't changed.
11 Jan 2023 16:36:10,363 TestNG-tests-1 - TemplateLoader.findTemplateSource("spark/macros/recurse_nodes_en_US.ftl"): Not found
11 Jan 2023 16:36:10,364 TestNG-tests-1 - TemplateLoader.findTemplateSource("spark/macros/recurse_nodes_en.ftl"): Not found
11 Jan 2023 16:36:10,364 TestNG-tests-1 - TemplateLoader.findTemplateSource("spark/macros/recurse_nodes.ftl"): Found
11 Jan 2023 16:36:10,364 TestNG-tests-1 - "spark/macros/recurse_nodes.ftl"("en_US", UTF-8, parsed): using cached since jar:file:/C:/Users/Ashok/.m2/repository/com/aventstack/extentreports/5.0.8/extentreports-5.0.8.jar!/com/aventstack/extentreports/templates/spark/macros/recurse_nodes.ftl hasn't changed.
11 Jan 2023 16:36:10,365 TestNG-tests-1 - "spark/macros/log.ftl"("en_US", UTF-8, parsed) cached copy not yet stale; using cached.
11 Jan 2023 16:36:10,368 TestNG-tests-1 - TemplateLoader.findTemplateSource("spark/macros/attr-common_en_US.ftl"): Not found
11 Jan 2023 16:36:10,369 TestNG-tests-1 - TemplateLoader.findTemplateSource("spark/macros/attr-common_en.ftl"): Not found
11 Jan 2023 16:36:10,369 TestNG-tests-1 - TemplateLoader.findTemplateSource("spark/macros/attr-common.ftl"): Found
11 Jan 2023 16:36:10,369 TestNG-tests-1 - "spark/macros/attr-common.ftl"("en_US", UTF-8, parsed): using cached since jar:file:/C:/Users/Ashok/.m2/repository/com/aventstack/extentreports/5.0.8/extentreports-5.0.8.jar!/com/aventstack/extentreports/templates/spark/macros/attr-common.ftl hasn't changed.
11 Jan 2023 16:36:10,371 TestNG-tests-1 - TemplateLoader.findTemplateSource("spark/partials/head_en_US.ftl"): Not found
11 Jan 2023 16:36:10,372 TestNG-tests-1 - TemplateLoader.findTemplateSource("spark/partials/head_en.ftl"): Not found
11 Jan 2023 16:36:10,372 TestNG-tests-1 - TemplateLoader.findTemplateSource("spark/partials/head.ftl"): Found
11 Jan 2023 16:36:10,372 TestNG-tests-1 - "spark/partials/head.ftl"("en_US", UTF-8, parsed): using cached since jar:file:/C:/Users/Ashok/.m2/repository/com/aventstack/extentreports/5.0.8/extentreports-5.0.8.jar!/com/aventstack/extentreports/templates/spark/partials/head.ftl hasn't changed.
11 Jan 2023 16:36:10,374 TestNG-tests-1 - TemplateLoader.findTemplateSource("commons/commons-inject-css_en_US.ftl"): Not found
11 Jan 2023 16:36:10,374 TestNG-tests-1 - TemplateLoader.findTemplateSource("commons/commons-inject-css_en.ftl"): Not found
11 Jan 2023 16:36:10,375 TestNG-tests-1 - TemplateLoader.findTemplateSource("commons/commons-inject-css.ftl"): Found
11 Jan 2023 16:36:10,375 TestNG-tests-1 - "commons/commons-inject-css.ftl"("en_US", UTF-8, parsed): using cached since jar:file:/C:/Users/Ashok/.m2/repository/com/aventstack/extentreports/5.0.8/extentreports-5.0.8.jar!/com/aventstack/extentreports/templates/commons/commons-inject-css.ftl hasn't changed.
11 Jan 2023 16:36:10,376 TestNG-tests-1 - TemplateLoader.findTemplateSource("spark/partials/navbar_en_US.ftl"): Not found
11 Jan 2023 16:36:10,377 TestNG-tests-1 - TemplateLoader.findTemplateSource("spark/partials/navbar_en.ftl"): Not found
11 Jan 2023 16:36:10,377 TestNG-tests-1 - TemplateLoader.findTemplateSource("spark/partials/navbar.ftl"): Found
11 Jan 2023 16:36:10,378 TestNG-tests-1 - "spark/partials/navbar.ftl"("en_US", UTF-8, parsed): using cached since jar:file:/C:/Users/Ashok/.m2/repository/com/aventstack/extentreports/5.0.8/extentreports-5.0.8.jar!/com/aventstack/extentreports/templates/spark/partials/navbar.ftl hasn't changed.
11 Jan 2023 16:36:10,379 TestNG-tests-1 - TemplateLoader.findTemplateSource("spark/partials/sidenav_en_US.ftl"): Not found
11 Jan 2023 16:36:10,380 TestNG-tests-1 - TemplateLoader.findTemplateSource("spark/partials/sidenav_en.ftl"): Not found
11 Jan 2023 16:36:10,380 TestNG-tests-1 - TemplateLoader.findTemplateSource("spark/partials/sidenav.ftl"): Found
11 Jan 2023 16:36:10,380 TestNG-tests-1 - "spark/partials/sidenav.ftl"("en_US", UTF-8, parsed): using cached since jar:file:/C:/Users/Ashok/.m2/repository/com/aventstack/extentreports/5.0.8/extentreports-5.0.8.jar!/com/aventstack/extentreports/templates/spark/partials/sidenav.ftl hasn't changed.
11 Jan 2023 16:36:10,399 TestNG-tests-1 - TemplateLoader.findTemplateSource("spark/partials/test_en_US.ftl"): Not found
11 Jan 2023 16:36:10,404 TestNG-tests-1 - TemplateLoader.findTemplateSource("spark/partials/test_en.ftl"): Not found
11 Jan 2023 16:36:10,405 TestNG-tests-1 - TemplateLoader.findTemplateSource("spark/partials/test.ftl"): Found
11 Jan 2023 16:36:10,405 TestNG-tests-1 - "spark/partials/test.ftl"("en_US", UTF-8, parsed): using cached since jar:file:/C:/Users/Ashok/.m2/repository/com/aventstack/extentreports/5.0.8/extentreports-5.0.8.jar!/com/aventstack/extentreports/templates/spark/partials/test.ftl hasn't changed.
11 Jan 2023 16:36:10,427 TestNG-tests-1 - Couldn't find template in cache for "spark/partials/standard-content.ftl"("en_US", UTF-8, parsed); will try to load it.
11 Jan 2023 16:36:10,429 TestNG-tests-1 - TemplateLoader.findTemplateSource("spark/partials/standard-content_en_US.ftl"): Not found
11 Jan 2023 16:36:10,431 TestNG-tests-1 - TemplateLoader.findTemplateSource("spark/partials/standard-content_en.ftl"): Not found
11 Jan 2023 16:36:10,432 TestNG-tests-1 - TemplateLoader.findTemplateSource("spark/partials/standard-content.ftl"): Found
11 Jan 2023 16:36:10,432 TestNG-tests-1 - Loading template for "spark/partials/standard-content.ftl"("en_US", UTF-8, parsed) from "jar:file:/C:/Users/Ashok/.m2/repository/com/aventstack/extentreports/5.0.8/extentreports-5.0.8.jar!/com/aventstack/extentreports/templates/spark/partials/standard-content.ftl"
11 Jan 2023 16:36:10,449 TestNG-tests-1 - "spark/partials/standard-content.ftl"("en_US", UTF-8, parsed) cached copy not yet stale; using cached.
11 Jan 2023 16:36:10,453 TestNG-tests-1 - "spark/partials/standard-content.ftl"("en_US", UTF-8, parsed) cached copy not yet stale; using cached.
11 Jan 2023 16:36:10,456 TestNG-tests-1 - "spark/partials/standard-content.ftl"("en_US", UTF-8, parsed) cached copy not yet stale; using cached.
11 Jan 2023 16:36:10,460 TestNG-tests-1 - "spark/partials/standard-content.ftl"("en_US", UTF-8, parsed) cached copy not yet stale; using cached.
11 Jan 2023 16:36:10,462 TestNG-tests-1 - "spark/partials/standard-content.ftl"("en_US", UTF-8, parsed) cached copy not yet stale; using cached.
11 Jan 2023 16:36:10,463 TestNG-tests-1 - TemplateLoader.findTemplateSource("spark/partials/exception_en_US.ftl"): Not found
11 Jan 2023 16:36:10,464 TestNG-tests-1 - TemplateLoader.findTemplateSource("spark/partials/exception_en.ftl"): Not found
11 Jan 2023 16:36:10,464 TestNG-tests-1 - TemplateLoader.findTemplateSource("spark/partials/exception.ftl"): Found
11 Jan 2023 16:36:10,464 TestNG-tests-1 - "spark/partials/exception.ftl"("en_US", UTF-8, parsed): using cached since jar:file:/C:/Users/Ashok/.m2/repository/com/aventstack/extentreports/5.0.8/extentreports-5.0.8.jar!/com/aventstack/extentreports/templates/spark/partials/exception.ftl hasn't changed.
11 Jan 2023 16:36:10,466 TestNG-tests-1 - TemplateLoader.findTemplateSource("spark/partials/category_en_US.ftl"): Not found
11 Jan 2023 16:36:10,466 TestNG-tests-1 - TemplateLoader.findTemplateSource("spark/partials/category_en.ftl"): Not found
11 Jan 2023 16:36:10,467 TestNG-tests-1 - TemplateLoader.findTemplateSource("spark/partials/category.ftl"): Found
11 Jan 2023 16:36:10,468 TestNG-tests-1 - "spark/partials/category.ftl"("en_US", UTF-8, parsed): using cached since jar:file:/C:/Users/Ashok/.m2/repository/com/aventstack/extentreports/5.0.8/extentreports-5.0.8.jar!/com/aventstack/extentreports/templates/spark/partials/category.ftl hasn't changed.
11 Jan 2023 16:36:10,476 TestNG-tests-1 - TemplateLoader.findTemplateSource("spark/partials/device_en_US.ftl"): Not found
11 Jan 2023 16:36:10,476 TestNG-tests-1 - TemplateLoader.findTemplateSource("spark/partials/device_en.ftl"): Not found
11 Jan 2023 16:36:10,477 TestNG-tests-1 - TemplateLoader.findTemplateSource("spark/partials/device.ftl"): Found
11 Jan 2023 16:36:10,477 TestNG-tests-1 - "spark/partials/device.ftl"("en_US", UTF-8, parsed): using cached since jar:file:/C:/Users/Ashok/.m2/repository/com/aventstack/extentreports/5.0.8/extentreports-5.0.8.jar!/com/aventstack/extentreports/templates/spark/partials/device.ftl hasn't changed.
11 Jan 2023 16:36:10,478 TestNG-tests-1 - TemplateLoader.findTemplateSource("spark/partials/author_en_US.ftl"): Not found
11 Jan 2023 16:36:10,479 TestNG-tests-1 - TemplateLoader.findTemplateSource("spark/partials/author_en.ftl"): Not found
11 Jan 2023 16:36:10,480 TestNG-tests-1 - TemplateLoader.findTemplateSource("spark/partials/author.ftl"): Found
11 Jan 2023 16:36:10,480 TestNG-tests-1 - "spark/partials/author.ftl"("en_US", UTF-8, parsed): using cached since jar:file:/C:/Users/Ashok/.m2/repository/com/aventstack/extentreports/5.0.8/extentreports-5.0.8.jar!/com/aventstack/extentreports/templates/spark/partials/author.ftl hasn't changed.
11 Jan 2023 16:36:10,482 TestNG-tests-1 - TemplateLoader.findTemplateSource("spark/partials/log_en_US.ftl"): Not found
11 Jan 2023 16:36:10,486 TestNG-tests-1 - TemplateLoader.findTemplateSource("spark/partials/log_en.ftl"): Not found
11 Jan 2023 16:36:10,487 TestNG-tests-1 - TemplateLoader.findTemplateSource("spark/partials/log.ftl"): Found
11 Jan 2023 16:36:10,487 TestNG-tests-1 - "spark/partials/log.ftl"("en_US", UTF-8, parsed): using cached since jar:file:/C:/Users/Ashok/.m2/repository/com/aventstack/extentreports/5.0.8/extentreports-5.0.8.jar!/com/aventstack/extentreports/templates/spark/partials/log.ftl hasn't changed.
11 Jan 2023 16:36:10,506 TestNG-tests-1 - TemplateLoader.findTemplateSource("spark/partials/dashboard_en_US.ftl"): Not found
11 Jan 2023 16:36:10,507 TestNG-tests-1 - TemplateLoader.findTemplateSource("spark/partials/dashboard_en.ftl"): Not found
11 Jan 2023 16:36:10,507 TestNG-tests-1 - TemplateLoader.findTemplateSource("spark/partials/dashboard.ftl"): Found
11 Jan 2023 16:36:10,507 TestNG-tests-1 - "spark/partials/dashboard.ftl"("en_US", UTF-8, parsed): using cached since jar:file:/C:/Users/Ashok/.m2/repository/com/aventstack/extentreports/5.0.8/extentreports-5.0.8.jar!/com/aventstack/extentreports/templates/spark/partials/dashboard.ftl hasn't changed.
11 Jan 2023 16:36:10,531 TestNG-tests-1 - TemplateLoader.findTemplateSource("spark/partials/scripts_en_US.ftl"): Not found
11 Jan 2023 16:36:10,532 TestNG-tests-1 - TemplateLoader.findTemplateSource("spark/partials/scripts_en.ftl"): Not found
11 Jan 2023 16:36:10,534 TestNG-tests-1 - TemplateLoader.findTemplateSource("spark/partials/scripts.ftl"): Found
11 Jan 2023 16:36:10,535 TestNG-tests-1 - "spark/partials/scripts.ftl"("en_US", UTF-8, parsed): using cached since jar:file:/C:/Users/Ashok/.m2/repository/com/aventstack/extentreports/5.0.8/extentreports-5.0.8.jar!/com/aventstack/extentreports/templates/spark/partials/scripts.ftl hasn't changed.
11 Jan 2023 16:36:10,536 TestNG-tests-1 - TemplateLoader.findTemplateSource("commons/commons-inject-js_en_US.ftl"): Not found
11 Jan 2023 16:36:10,537 TestNG-tests-1 - TemplateLoader.findTemplateSource("commons/commons-inject-js_en.ftl"): Not found
11 Jan 2023 16:36:10,538 TestNG-tests-1 - TemplateLoader.findTemplateSource("commons/commons-inject-js.ftl"): Found
11 Jan 2023 16:36:10,539 TestNG-tests-1 - "commons/commons-inject-js.ftl"("en_US", UTF-8, parsed): using cached since jar:file:/C:/Users/Ashok/.m2/repository/com/aventstack/extentreports/5.0.8/extentreports-5.0.8.jar!/com/aventstack/extentreports/templates/commons/commons-inject-js.ftl hasn't changed.
